Microsoft (R) Macro Assembler Version 14.11.25508.2	    01/09/18 01:01:30
main.asm						     Page 1 - 1


				INCLUDE Irvine32.inc
			      C ; Include file for Irvine32.lib             (Irvine32.inc)
			      C 
			      C ;OPTION CASEMAP:NONE		; optional: make identifiers case-sensitive
			      C 
			      C INCLUDE SmallWin.inc		; MS-Windows prototypes, structures, and constants
			      C .NOLIST
			      C .LIST
			      C 
			      C INCLUDE VirtualKeys.inc
			      C ; VirtualKeys.inc
			      C .NOLIST
			      C .LIST
			      C 
			      C 
			      C .NOLIST
			      C .LIST
			      C 
 00000000			.data
 00000000 3D 3D 3D 3D 3D	background BYTE  "================================================",0
	   3D 3D 3D 3D 3D
	   3D 3D 3D 3D 3D
	   3D 3D 3D 3D 3D
	   3D 3D 3D 3D 3D
	   3D 3D 3D 3D 3D
	   3D 3D 3D 3D 3D
	   3D 3D 3D 3D 3D
	   3D 3D 3D 3D 3D
	   3D 3D 3D 00
 00000031 7C 7C 20 20 20	background1 BYTE "||                                            ||",0
	   20 20 20 20 20
	   20 20 20 20 20
	   20 20 20 20 20
	   20 20 20 20 20
	   20 20 20 20 20
	   20 20 20 20 20
	   20 20 20 20 20
	   20 20 20 20 20
	   20 7C 7C 00
 00000062 7C 7C 20 20 20	background2 BYTE "||    ______   ______    ______    _____      ||",0
	   20 5F 5F 5F 5F
	   5F 5F 20 20 20
	   5F 5F 5F 5F 5F
	   5F 20 20 20 20
	   5F 5F 5F 5F 5F
	   5F 20 20 20 20
	   5F 5F 5F 5F 5F
	   20 20 20 20 20
	   20 7C 7C 00
 00000093 7C 7C 20 20 20	background3 BYTE "||    |  __ | |  __ |   |  __  |  |  ___|     ||",0
	   20 7C 20 20 5F
	   5F 20 7C 20 7C
	   20 20 5F 5F 20
	   7C 20 20 20 7C
	   20 20 5F 5F 20
	   20 7C 20 20 7C
	   20 20 5F 5F 5F
	   7C 20 20 20 20
	   20 7C 7C 00
 000000C4 7C 7C 20 20 20	background4 BYTE "||    | |__   | |__||   | |  | |  | |  ___    ||",0
	   20 7C 20 7C 5F
	   5F 20 20 20 7C
	   20 7C 5F 5F 7C
	   7C 20 20 20 7C
	   20 7C 20 20 7C
	   20 7C 20 20 7C
	   20 7C 20 20 5F
	   5F 5F 20 20 20
	   20 7C 7C 00
 000000F5 7C 7C 20 20 20	background5 BYTE "||    |  __|  |  __ |   | |  | |  | | |__ |   ||",0
	   20 7C 20 20 5F
	   5F 7C 20 20 7C
	   20 20 5F 5F 20
	   7C 20 20 20 7C
	   20 7C 20 20 7C
	   20 7C 20 20 7C
	   20 7C 20 7C 5F
	   5F 20 7C 20 20
	   20 7C 7C 00
 00000126 7C 7C 20 20 20	background6 BYTE "||    | |     | |  | |  | |_ | |  | |___| |   ||",0
	   20 7C 20 7C 20
	   20 20 20 20 7C
	   20 7C 20 20 7C
	   20 7C 20 20 7C
	   20 7C 5F 20 7C
	   20 7C 20 20 7C
	   20 7C 5F 5F 5F
	   7C 20 7C 20 20
	   20 7C 7C 00
 00000157 7C 7C 20 20 20	background7 BYTE "||    |_|     |_|   |_| |______|  |_______|   ||",0
	   20 7C 5F 7C 20
	   20 20 20 20 7C
	   5F 7C 20 20 20
	   7C 5F 7C 20 7C
	   5F 5F 5F 5F 5F
	   5F 7C 20 20 7C
	   5F 5F 5F 5F 5F
	   5F 5F 7C 20 20
	   20 7C 7C 00
 00000188 7C 7C 20 20 20	background8 BYTE "||                                            ||",0
	   20 20 20 20 20
	   20 20 20 20 20
	   20 20 20 20 20
	   20 20 20 20 20
	   20 20 20 20 20
	   20 20 20 20 20
	   20 20 20 20 20
	   20 20 20 20 20
	   20 7C 7C 00
 000001B9 7C 7C 20 20 20	background9 BYTE "||    1.END                                   ||",0
	   20 31 2E 45 4E
	   44 20 20 20 20
	   20 20 20 20 20
	   20 20 20 20 20
	   20 20 20 20 20
	   20 20 20 20 20
	   20 20 20 20 20
	   20 20 20 20 20
	   20 7C 7C 00
 000001EA 7C 7C 20 20 20	background10 BYTE"||    2.EASY                                  ||",0
	   20 32 2E 45 41
	   53 59 20 20 20
	   20 20 20 20 20
	   20 20 20 20 20
	   20 20 20 20 20
	   20 20 20 20 20
	   20 20 20 20 20
	   20 20 20 20 20
	   20 7C 7C 00
 0000021B 7C 7C 20 20 20	background11 BYTE"||    3.HARD                                  ||",0
	   20 33 2E 48 41
	   52 44 20 20 20
	   20 20 20 20 20
	   20 20 20 20 20
	   20 20 20 20 20
	   20 20 20 20 20
	   20 20 20 20 20
	   20 20 20 20 20
	   20 7C 7C 00
 0000024C 7C 7C 20 20 20	background12 BYTE"||                                            ||",0
	   20 20 20 20 20
	   20 20 20 20 20
	   20 20 20 20 20
	   20 20 20 20 20
	   20 20 20 20 20
	   20 20 20 20 20
	   20 20 20 20 20
	   20 20 20 20 20
	   20 7C 7C 00
 0000027D 3D 3D 3D 3D 3D	background13 BYTE "================================================",0
	   3D 3D 3D 3D 3D
	   3D 3D 3D 3D 3D
	   3D 3D 3D 3D 3D
	   3D 3D 3D 3D 3D
	   3D 3D 3D 3D 3D
	   3D 3D 3D 3D 3D
	   3D 3D 3D 3D 3D
	   3D 3D 3D 3D 3D
	   3D 3D 3D 00


 000002AE 5F 7C 20 7C 5F	game  BYTE "_| |_| |_| |_| |_| |_| |_| |_| |_| |_| |_|",0	;8
	   7C 20 7C 5F 7C
	   20 7C 5F 7C 20
	   7C 5F 7C 20 7C
	   5F 7C 20 7C 5F
	   7C 20 7C 5F 7C
	   20 7C 5F 7C 20
	   7C 5F 7C 20 7C
	   5F 7C 00
 000002D9 20 20 20 20 20	game1 BYTE "                                          ",0	;7
	   20 20 20 20 20
	   20 20 20 20 20
	   20 20 20 20 20
	   20 20 20 20 20
	   20 20 20 20 20
	   20 20 20 20 20
	   20 20 20 20 20
	   20 20 00
 00000304 20 20 20 20 20	game2 BYTE "                                          ",0	;6
	   20 20 20 20 20
	   20 20 20 20 20
	   20 20 20 20 20
	   20 20 20 20 20
	   20 20 20 20 20
	   20 20 20 20 20
	   20 20 20 20 20
	   20 20 00
 0000032F 20 20 20 20 20	game3 BYTE "                                          ",0	;5
	   20 20 20 20 20
	   20 20 20 20 20
	   20 20 20 20 20
	   20 20 20 20 20
	   20 20 20 20 20
	   20 20 20 20 20
	   20 20 20 20 20
	   20 20 00
 0000035A 3D 3D 3D 3D 3D	game4 BYTE "==========================================",0	;4
	   3D 3D 3D 3D 3D
	   3D 3D 3D 3D 3D
	   3D 3D 3D 3D 3D
	   3D 3D 3D 3D 3D
	   3D 3D 3D 3D 3D
	   3D 3D 3D 3D 3D
	   3D 3D 3D 3D 3D
	   3D 3D 00
 00000385 20 20 20 20 20	game5 BYTE "                                          ",0	;3
	   20 20 20 20 20
	   20 20 20 20 20
	   20 20 20 20 20
	   20 20 20 20 20
	   20 20 20 20 20
	   20 20 20 20 20
	   20 20 20 20 20
	   20 20 00
 000003B0 20 20 20 20 20	game6 BYTE "                                      	  ",0	;3
	   20 20 20 20 20
	   20 20 20 20 20
	   20 20 20 20 20
	   20 20 20 20 20
	   20 20 20 20 20
	   20 20 20 20 20
	   20 20 20 09 20
	   20 00
 000003DA 20 20 20 20 20	game7 BYTE "                                      	  ",0	;2
	   20 20 20 20 20
	   20 20 20 20 20
	   20 20 20 20 20
	   20 20 20 20 20
	   20 20 20 20 20
	   20 20 20 20 20
	   20 20 20 09 20
	   20 00
 00000404 20 20 20 20 20	game8 BYTE "                                      	  ",0	;1
	   20 20 20 20 20
	   20 20 20 20 20
	   20 20 20 20 20
	   20 20 20 20 20
	   20 20 20 20 20
	   20 20 20 20 20
	   20 20 20 09 20
	   20 00
 0000042E 3D 3D 3D 3D 3D	game9 BYTE "==========================================",0
	   3D 3D 3D 3D 3D
	   3D 3D 3D 3D 3D
	   3D 3D 3D 3D 3D
	   3D 3D 3D 3D 3D
	   3D 3D 3D 3D 3D
	   3D 3D 3D 3D 3D
	   3D 3D 3D 3D 3D
	   3D 3D 00

 00000459 3D 3D 3D 3D 3D	endgame  BYTE "=========================================================",0
	   3D 3D 3D 3D 3D
	   3D 3D 3D 3D 3D
	   3D 3D 3D 3D 3D
	   3D 3D 3D 3D 3D
	   3D 3D 3D 3D 3D
	   3D 3D 3D 3D 3D
	   3D 3D 3D 3D 3D
	   3D 3D 3D 3D 3D
	   3D 3D 3D 3D 3D
	   3D 3D 3D 3D 3D
	   3D 3D 00
 00000493 20 5F 5F 5F 5F	endgame1 BYTE " _______ __   __  ______  ______  ___	  __  ______",0	
	   5F 5F 5F 20 5F
	   5F 20 20 20 5F
	   5F 20 20 5F 5F
	   5F 5F 5F 5F 20
	   20 5F 5F 5F 5F
	   5F 5F 20 20 5F
	   5F 5F 09 20 20
	   5F 5F 20 20 5F
	   5F 5F 5F 5F 5F
	   00
 000004C6 7C 5F 5F 20 20	endgame2 BYTE "|__   __|| |  | | |  ___| |  ___| |   \   | | | ___ | 	",0	
	   20 5F 5F 7C 7C
	   20 7C 20 20 7C
	   20 7C 20 7C 20
	   20 5F 5F 5F 7C
	   20 7C 20 20 5F
	   5F 5F 7C 20 7C
	   20 20 20 5C 20
	   20 20 7C 20 7C
	   20 7C 20 5F 5F
	   5F 20 7C 20 09
	   00
 000004FE 20 20 20 7C 20	endgame3 BYTE "   | |   | |__| | | |__   | |__   | |\ \  | | | |  | |  ",0	
	   7C 20 20 20 7C
	   20 7C 5F 5F 7C
	   20 7C 20 7C 20
	   7C 5F 5F 20 20
	   20 7C 20 7C 5F
	   5F 20 20 20 7C
	   20 7C 5C 20 5C
	   20 20 7C 20 7C
	   20 7C 20 7C 20
	   20 7C 20 7C 20
	   20 00
 00000537 20 20 20 7C 20	endgame4 BYTE "   | |   |  __  | |  __|  |  __|  | | \ \ | | | |   | | ",0	
	   7C 20 20 20 7C
	   20 20 5F 5F 20
	   20 7C 20 7C 20
	   20 5F 5F 7C 20
	   20 7C 20 20 5F
	   5F 7C 20 20 7C
	   20 7C 20 5C 20
	   5C 20 7C 20 7C
	   20 7C 20 7C 20
	   20 20 7C 20 7C
	   20 00
 00000570 20 20 20 7C 20	endgame5 BYTE "   | |	 | |  | | | |___  | |___  | |  \ \| | | |__| |	",0	
	   7C 09 20 7C 20
	   7C 20 20 7C 20
	   7C 20 7C 20 7C
	   5F 5F 5F 20 20
	   7C 20 7C 5F 5F
	   5F 20 20 7C 20
	   7C 20 20 5C 20
	   5C 7C 20 7C 20
	   7C 20 7C 5F 5F
	   7C 20 7C 09 00
 000005A7 20 20 20 7C 5F	endgame6 BYTE "   |_|	 |_|  |_| |_____| |_____| |_|   \ __| |_____|   ",0
	   7C 09 20 7C 5F
	   7C 20 20 7C 5F
	   7C 20 7C 5F 5F
	   5F 5F 5F 7C 20
	   7C 5F 5F 5F 5F
	   5F 7C 20 7C 5F
	   7C 20 20 20 5C
	   20 5F 5F 7C 20
	   7C 5F 5F 5F 5F
	   5F 7C 20 20 20
	   00
 000005DF 20 20 20 20 20	endgame7 BYTE "                                      					",0	
	   20 20 20 20 20
	   20 20 20 20 20
	   20 20 20 20 20
	   20 20 20 20 20
	   20 20 20 20 20
	   20 20 20 20 20
	   20 20 20 09 09
	   09 09 09 00
 0000060B 3D 3D 3D 3D 3D	endgame8 BYTE "=========================================================",0
	   3D 3D 3D 3D 3D
	   3D 3D 3D 3D 3D
	   3D 3D 3D 3D 3D
	   3D 3D 3D 3D 3D
	   3D 3D 3D 3D 3D
	   3D 3D 3D 3D 3D
	   3D 3D 3D 3D 3D
	   3D 3D 3D 3D 3D
	   3D 3D 3D 3D 3D
	   3D 3D 3D 3D 3D
	   3D 3D 00
 00000645 3D 3D 3D 3D 3D	wingame  BYTE "============================================",0
	   3D 3D 3D 3D 3D
	   3D 3D 3D 3D 3D
	   3D 3D 3D 3D 3D
	   3D 3D 3D 3D 3D
	   3D 3D 3D 3D 3D
	   3D 3D 3D 3D 3D
	   3D 3D 3D 3D 3D
	   3D 3D 3D 3D 00
 00000672 5F 5F 5F 20 20	wingame1 BYTE "___    __    __  _____   ___    __    __ ",0    
	   20 20 5F 5F 20
	   20 20 20 5F 5F
	   20 20 5F 5F 5F
	   5F 5F 20 20 20
	   5F 5F 5F 20 20
	   20 20 5F 5F 20
	   20 20 20 5F 5F
	   20 00
 0000069C 7C 20 7C 20 20	wingame2 BYTE "| |   /  \   | ||_   _| |   \   | |  |  |",0    
	   20 2F 20 20 5C
	   20 20 20 7C 20
	   7C 7C 5F 20 20
	   20 5F 7C 20 7C
	   20 20 20 5C 20
	   20 20 7C 20 7C
	   20 20 7C 20 20
	   7C 00
 000006C6 7C 20 7C 20 20	wingame3 BYTE "| |  / /\ \  | |  | | 	| |\ \  | |  |  |",0    
	   2F 20 2F 5C 20
	   5C 20 20 7C 20
	   7C 20 20 7C 20
	   7C 20 09 7C 20
	   7C 5C 20 5C 20
	   20 7C 20 7C 20
	   20 7C 20 20 7C
	   00
 000006EF 7C 20 7C 20 2F	wingame4 BYTE "| | / /  \ \ | |  | | 	| | \ \ | |  |__|",0    
	   20 2F 20 20 5C
	   20 5C 20 7C 20
	   7C 20 20 7C 20
	   7C 20 09 7C 20
	   7C 20 5C 20 5C
	   20 7C 20 7C 20
	   20 7C 5F 5F 7C
	   00
 00000718 7C 20 7C 2F 20	wingame5 BYTE "| |/ /	  \ \| | _| |_	| |  \ \| |   __ ",0    
	   2F 09 20 20 5C
	   20 5C 7C 20 7C
	   20 5F 7C 20 7C
	   5F 09 7C 20 7C
	   20 20 5C 20 5C
	   7C 20 7C 20 20
	   20 5F 5F 20 00
 00000740 7C 5F 5F 5F 2F	wingame6 BYTE "|___/  	   \___||_____| |_|   \ __|  |__|",0
	   20 20 09 20 20
	   20 5C 5F 5F 5F
	   7C 7C 5F 5F 5F
	   5F 5F 7C 20 7C
	   5F 7C 20 20 20
	   5C 20 5F 5F 7C
	   20 20 7C 5F 5F
	   7C 00
 0000076A 20 20 20 20 20	wingame7 BYTE "                                          ",0    
	   20 20 20 20 20
	   20 20 20 20 20
	   20 20 20 20 20
	   20 20 20 20 20
	   20 20 20 20 20
	   20 20 20 20 20
	   20 20 20 20 20
	   20 20 00
 00000795 3D 3D 3D 3D 3D	wingame8 BYTE "============================================",0
	   3D 3D 3D 3D 3D
	   3D 3D 3D 3D 3D
	   3D 3D 3D 3D 3D
	   3D 3D 3D 3D 3D
	   3D 3D 3D 3D 3D
	   3D 3D 3D 3D 3D
	   3D 3D 3D 3D 3D
	   3D 3D 3D 3D 00
 000007C2 3D 3D 3D 3D 3D	losegame  BYTE "======================================",0
	   3D 3D 3D 3D 3D
	   3D 3D 3D 3D 3D
	   3D 3D 3D 3D 3D
	   3D 3D 3D 3D 3D
	   3D 3D 3D 3D 3D
	   3D 3D 3D 3D 3D
	   3D 3D 3D 00
 000007E9 5F 5F 5F 20 20	losegame1 BYTE "___       ______   ______  _______	",0    
	   20 20 20 20 20
	   5F 5F 5F 5F 5F
	   5F 20 20 20 5F
	   5F 5F 5F 5F 5F
	   20 20 5F 5F 5F
	   5F 5F 5F 5F 09
	   00
 0000080D 7C 20 7C 09 20	losegame2 BYTE "| |	 |  __  |  | __  | |  ____|	",0    
	   7C 20 20 5F 5F
	   20 20 7C 20 20
	   7C 20 5F 5F 20
	   20 7C 20 7C 20
	   20 5F 5F 5F 5F
	   7C 09 00
 0000082E 7C 20 7C 20 20	losegame3 BYTE "| |      | |  | |  | | |_| |  |		",0    
	   20 20 20 20 7C
	   20 7C 20 20 7C
	   20 7C 20 20 7C
	   20 7C 20 7C 5F
	   7C 20 7C 20 20
	   7C 09 09 00
 00000850 7C 20 7C 20 20	losegame4 BYTE "| |      | |  | |  | |___  |  |__	",0    
	   20 20 20 20 7C
	   20 7C 20 20 7C
	   20 7C 20 20 7C
	   20 7C 5F 5F 5F
	   20 20 7C 20 20
	   7C 5F 5F 09 00
 00000873 7C 20 7C 20 20	losegame5 BYTE "| |      | |  | |  |___  | |	__|	",0    
	   20 20 20 20 7C
	   20 7C 20 20 7C
	   20 7C 20 20 7C
	   5F 5F 5F 20 20
	   7C 20 7C 09 5F
	   5F 7C 09 00
 00000895 7C 20 7C 20 20	losegame6 BYTE "| |      | |  | |   _  | | |  |		",0    
	   20 20 20 20 7C
	   20 7C 20 20 7C
	   20 7C 20 20 20
	   5F 20 20 7C 20
	   7C 20 7C 20 20
	   7C 09 09 00
 000008B7 7C 20 7C 5F 5F	losegame7 BYTE "| |____  | |_ | |  | |_| | |  |___	",0    
	   5F 5F 20 20 7C
	   20 7C 5F 20 7C
	   20 7C 20 20 7C
	   20 7C 5F 7C 20
	   7C 20 7C 20 20
	   7C 5F 5F 5F 09
	   00
 000008DB 7C 5F 5F 5F 5F	losegame8 BYTE "|______| |______|  |_____| |_______|",0
	   5F 5F 7C 20 7C
	   5F 5F 5F 5F 5F
	   5F 7C 20 20 7C
	   5F 5F 5F 5F 5F
	   7C 20 7C 5F 5F
	   5F 5F 5F 5F 5F
	   7C 00
 00000900 20 20 20 20 20	losegame9 BYTE "                                    ",0    
	   20 20 20 20 20
	   20 20 20 20 20
	   20 20 20 20 20
	   20 20 20 20 20
	   20 20 20 20 20
	   20 20 20 20 20
	   20 00
 00000925 3D 3D 3D 3D 3D	losegame10 BYTE "======================================",0
	   3D 3D 3D 3D 3D
	   3D 3D 3D 3D 3D
	   3D 3D 3D 3D 3D
	   3D 3D 3D 3D 3D
	   3D 3D 3D 3D 3D
	   3D 3D 3D 3D 3D
	   3D 3D 3D 00
 0000094C 53 43 4F 52 45	score BYTE"SCORE : ",0
	   20 3A 20 00
 00000955 4C 49 46 45 20	life BYTE"LIFE : ",0
	   3A 20 00
 0000095D 70 6C 65 61 73	wrong BYTE "please enter 1, 2, 3",0 
	   65 20 65 6E 74
	   65 72 20 31 2C
	   20 32 2C 20 33
	   00



 00000972 23 00			car BYTE "#",0
 00000974 00			frogwalk BYTE 0
 00000975 0C			frogwalk2 BYTE 12
 00000976 00			iswalk BYTE 0
 00000977 26			cnt BYTE 38
 00000978 00000000		intVal SDWORD ?
 0000097C 00			iswin BYTE 0
 0000097D 02			islose BYTE 2
 0000097E 00			flag BYTE 0

 00000000			.code
 00000000			FROG PROC USES bx
 00000002  66| 53		   push bx
 00000004  66| BB 0000		    	mov bx,0000h
 00000008  80 3D 00000974 R	    	cmp frogwalk,0;
	   00
 0000000F  74 48		    	je L0
 00000011  80 3D 00000974 R	    	cmp frogwalk,1;
	   01
 00000018  74 46		    	je L1
 0000001A  80 3D 00000974 R	    	cmp frogwalk,2;
	   02
 00000021  74 44		    	je L2
 00000023  80 3D 00000974 R	    	cmp frogwalk,3;
	   03
 0000002A  74 42		    	je L3
 0000002C  80 3D 00000974 R	    	cmp frogwalk,4;
	   04
 00000033  74 40		    	je L4
 00000035  80 3D 00000974 R	    	cmp frogwalk,5;
	   05
 0000003C  74 3E		    	je L5
 0000003E  80 3D 00000974 R	    	cmp frogwalk,6;
	   06
 00000045  74 3C		    	je L6
 00000047  80 3D 00000974 R	    	cmp frogwalk,7;
	   07
 0000004E  74 3A		    	je L7
 00000050  80 3D 00000974 R	    	cmp frogwalk,8;
	   08
 00000057  74 38		    	je L8
 00000059				L0:
 00000059  BA 00000404 R	    	mov edx, OFFSET game8
 0000005E  EB 5D		    	jmp cmph
 00000060				L1:
 00000060  BA 000003DA R	    	mov edx, OFFSET game7
 00000065  EB 56		    	jmp cmph
 00000067				L2:
 00000067  BA 000003B0 R	    	mov edx, OFFSET game6
 0000006C  EB 4F		    	jmp cmph
 0000006E				L3:
 0000006E  BA 00000385 R	    	mov edx, OFFSET game5
 00000073  EB 48		    	jmp cmph
 00000075				L4:
 00000075  BA 0000035A R	    	mov edx, OFFSET game4
 0000007A  EB 41		    	jmp cmph
 0000007C				L5:
 0000007C  BA 0000032F R	    	mov edx, OFFSET game3
 00000081  EB 3A		    	jmp cmph
 00000083				L6:
 00000083  BA 00000304 R	    	mov edx, OFFSET game2
 00000088  EB 33		    	jmp cmph
 0000008A				L7:
 0000008A  BA 000002D9 R	    	mov edx, OFFSET game1
 0000008F  EB 2C		    	jmp cmph
 00000091				L8:
 00000091  BA 000002AE R	    	mov edx, OFFSET game
 00000096  8A 1D 00000975 R		    mov bl,frogwalk2
 0000009C  02 D3		    	add dl,bl
 0000009E  B0 46		    	mov al,70
 000000A0  88 02		    	mov [edx],al
 000000A2  C6 05 00000974 R	    	mov frogwalk,0
	   00
 000000A9  C6 05 00000975 R	    	mov frogwalk2,12
	   0C
 000000B0  FE 05 0000097C R			inc iswin
 000000B6  E8 FFFFFF45		   	 call FROG
 000000BB  EB 0C		    	jmp tmp1
 000000BD				cmph:
 000000BD  8A 1D 00000975 R	    	mov bl,frogwalk2
 000000C3  02 D3		    	add dl,bl
 000000C5				Cmph2:
 000000C5  B0 46		    	mov al,70
 000000C7  88 02		    	mov [edx],al
 000000C9			   	 tmp1:
 000000C9  B2 00		    	mov  dl, 0                       
 000000CB  B6 00		        mov  dh, 0                     
 000000CD  E8 00000000 E	        call Gotoxy 
 000000D2  B8 0000000B				mov  eax,11+(0*16)
 000000D7  E8 00000000 E			call SetTextColor
 000000DC  BA 000002AE R	    	mov edx, OFFSET game
 000000E1  E8 00000000 E	    	call WriteString
 000000E6  E8 00000000 E	    	call Crlf
 000000EB  BA 000002D9 R	    	mov edx, OFFSET game1
 000000F0  E8 00000000 E	    	call WriteString
 000000F5  E8 00000000 E	    	call Crlf
 000000FA  BA 00000304 R	    	mov edx, OFFSET game2
 000000FF  E8 00000000 E	    	call WriteString
 00000104  E8 00000000 E	    	call Crlf
 00000109  BA 0000032F R	    	mov edx, OFFSET game3
 0000010E  E8 00000000 E	    	call WriteString
 00000113  E8 00000000 E	    	call Crlf
 00000118  BA 0000035A R	    	mov edx, OFFSET game4
 0000011D  E8 00000000 E	    	call WriteString
 00000122  E8 00000000 E	    	call Crlf
 00000127  BA 00000385 R	    	mov edx, OFFSET game5
 0000012C  E8 00000000 E	    	call WriteString
 00000131  E8 00000000 E	    	call Crlf
 00000136  BA 000003B0 R	    	mov edx, OFFSET game6
 0000013B  E8 00000000 E	    	call WriteString
 00000140  E8 00000000 E	    	call Crlf
 00000145  BA 000003DA R	    	mov edx, OFFSET game7
 0000014A  E8 00000000 E	    	call WriteString
 0000014F  E8 00000000 E	    	call Crlf
 00000154  BA 00000404 R	    	mov edx, OFFSET game8
 00000159  E8 00000000 E	    	call WriteString
 0000015E  E8 00000000 E	    	call Crlf
 00000163  BA 0000042E R	    	mov edx, OFFSET game9
 00000168  E8 00000000 E	    	call WriteString
 0000016D  E8 00000000 E	    	call Crlf
 00000172  66| 5B		    	pop bx

				Ret
 00000177			FROG ENDP
 00000177			FROGR PROC USES bx
 00000179  66| 53		   push bx
 0000017B  66| BB 0000		    	mov bx,0000h
 0000017F  80 3D 00000974 R	    	cmp frogwalk,0;
	   00
 00000186  74 48		    	je L0
 00000188  80 3D 00000974 R	    	cmp frogwalk,1;
	   01
 0000018F  74 46		    	je L1
 00000191  80 3D 00000974 R	    	cmp frogwalk,2;
	   02
 00000198  74 44		    	je L2
 0000019A  80 3D 00000974 R	    	cmp frogwalk,3;
	   03
 000001A1  74 42		    	je L3
 000001A3  80 3D 00000974 R	    	cmp frogwalk,4;
	   04
 000001AA  74 40		    	je L4
 000001AC  80 3D 00000974 R	    	cmp frogwalk,5;
	   05
 000001B3  74 4A		    	je L5
 000001B5  80 3D 00000974 R	    	cmp frogwalk,6;
	   06
 000001BC  74 48		    	je L6
 000001BE  80 3D 00000974 R	    	cmp frogwalk,7;
	   07
 000001C5  74 46		    	je L7
 000001C7  80 3D 00000974 R	    	cmp frogwalk,8;
	   08
 000001CE  74 44		    	je L8
 000001D0				L0:
 000001D0  BA 00000404 R	    	mov edx, OFFSET game8
 000001D5  EB 49		    	jmp cmph
 000001D7				L1:
 000001D7  BA 000003DA R	    	mov edx, OFFSET game7
 000001DC  EB 42		    	jmp cmph
 000001DE				L2:
 000001DE  BA 000003B0 R	    	mov edx, OFFSET game6
 000001E3  EB 3B		    	jmp cmph
 000001E5				L3:
 000001E5  BA 00000385 R	    	mov edx, OFFSET game5
 000001EA  EB 34		    	jmp cmph
 000001EC				L4:
 000001EC  BA 0000035A R	    	mov edx, OFFSET game4
 000001F1  8A 3D 00000975 R	    	mov bh,frogwalk2
 000001F7  02 D7		    	add dl,bh
 000001F9  B0 3D		    	mov al,61
 000001FB  88 02		    	mov [edx],al
 000001FD  EB 2D		    	jmp tmp
 000001FF				L5:
 000001FF  BA 0000032F R	    	mov edx, OFFSET game3
 00000204  EB 1A		    	jmp cmph
 00000206				L6:
 00000206  BA 00000304 R	    	mov edx, OFFSET game2
 0000020B  EB 13		    	jmp cmph
 0000020D				L7:
 0000020D  BA 000002D9 R	    	mov edx, OFFSET game1
 00000212  EB 0C		    	jmp cmph
 00000214				L8:
 00000214  BA 000002AE R	    	mov edx, OFFSET game
 00000219  E8 FFFFFDE2		    	call FROG
 0000021E  EB 0C		    	jmp tmp
 00000220				cmph:
 00000220  8A 3D 00000975 R	    	mov bh,frogwalk2
 00000226  02 D7		    	add dl,bh
 00000228  B0 20		    	mov al,32
 0000022A  88 02		    	mov [edx],al
 0000022C				tmp:
 0000022C  B2 00		    	mov  dl, 0                       
 0000022E  B6 00		        mov  dh, 0                     
 00000230  E8 00000000 E	        call Gotoxy 
 00000235  BA 000002AE R	    	mov edx, OFFSET game
 0000023A  E8 00000000 E	    	call WriteString
 0000023F  E8 00000000 E	    	call Crlf
 00000244  BA 000002D9 R	    	mov edx, OFFSET game1
 00000249  E8 00000000 E	    	call WriteString
 0000024E  E8 00000000 E	    	call Crlf
 00000253  BA 00000304 R	    	mov edx, OFFSET game2
 00000258  E8 00000000 E	    	call WriteString
 0000025D  E8 00000000 E	    	call Crlf
 00000262  BA 0000032F R	    	mov edx, OFFSET game3
 00000267  E8 00000000 E	    	call WriteString
 0000026C  E8 00000000 E	    	call Crlf
 00000271  BA 0000035A R	    	mov edx, OFFSET game4
 00000276  E8 00000000 E	    	call WriteString
 0000027B  E8 00000000 E	    	call Crlf
 00000280  BA 00000385 R	    	mov edx, OFFSET game5
 00000285  E8 00000000 E	    	call WriteString
 0000028A  E8 00000000 E	    	call Crlf
 0000028F  BA 000003B0 R	    	mov edx, OFFSET game6
 00000294  E8 00000000 E	    	call WriteString
 00000299  E8 00000000 E	    	call Crlf
 0000029E  BA 000003DA R	    	mov edx, OFFSET game7
 000002A3  E8 00000000 E	    	call WriteString
 000002A8  E8 00000000 E	    	call Crlf
 000002AD  BA 00000404 R	    	mov edx, OFFSET game8
 000002B2  E8 00000000 E	    	call WriteString
 000002B7  E8 00000000 E	    	call Crlf
 000002BC  BA 0000042E R	    	mov edx, OFFSET game9
 000002C1  E8 00000000 E	    	call WriteString
 000002C6  E8 00000000 E	    	call Crlf

 000002CB  66| 5B		    	pop bx

				Ret
 000002D0			FROGR ENDP
 000002D0			UpMove PROC
 000002D0  66| 53		    	push bx
 000002D2  E8 FFFFFEA0		    	call FROGR
 000002D7  66| BB 0000		    	mov bx,0000h
 000002DB  80 3D 00000974 R	    	cmp frogwalk,8;
	   08
 000002E2  72 09		    	jb big
 000002E4  C6 05 00000974 R	    	mov frogwalk,8
	   08
 000002EB  EB 1D		    	jmp fin
 000002ED				big:
 000002ED  E8 000000AF		    	call frogfirst
 000002F2  80 3D 00000976 R	    	cmp iswalk,1
	   01
 000002F9  74 0F		    	je fin
 000002FB  8A 1D 00000974 R	    	mov bl,frogwalk
 00000301  80 C3 01		    	add bl,1
 00000304  88 1D 00000974 R	    	mov frogwalk,bl
 0000030A				fin:
 0000030A  66| 5B		    	pop bx
 0000030C  C6 05 00000976 R	    	mov iswalk,0
	   00
 00000313  C3			Ret
 00000314			UpMove ENDP
 00000314			DownMove PROC
 00000314  66| 53		    	push bx
 00000316  E8 FFFFFE5C		    	call FROGR
 0000031B  66| BB 0000		    	mov bx,0000h
 0000031F  80 3D 00000974 R	    	cmp frogwalk,0;
	   00
 00000326  7F 09		    	jg smell
 00000328  C6 05 00000974 R	    	mov frogwalk,0
	   00
 0000032F  EB 0F		    	jmp fin
 00000331				smell:
 00000331  8A 1D 00000974 R	    	mov bl,frogwalk
 00000337  80 EB 01		    	sub bl,1
 0000033A  88 1D 00000974 R	    	mov frogwalk,bl
 00000340				fin:
 00000340  66| 5B		    	pop bx
 00000342  C3			Ret
 00000343			DownMove ENDP
 00000343			LeftMove PROC
 00000343  66| 53		    	push bx
 00000345  E8 FFFFFE2D		    	call FROGR
 0000034A  66| BB 0000		    	mov bx,0000h
 0000034E  80 3D 00000975 R	    	cmp frogwalk2,0;
	   00
 00000355  7F 09		    	jg smell
 00000357  C6 05 00000975 R	    	mov frogwalk2,0
	   00
 0000035E  EB 0F		    	jmp fin
 00000360				smell:
 00000360  8A 1D 00000975 R	    	mov bl,frogwalk2
 00000366  80 EB 01		    	sub bl,1
 00000369  88 1D 00000975 R	    	mov frogwalk2,bl
 0000036F				fin:
 0000036F  66| 5B		    	pop bx
 00000371  C3			Ret
 00000372			LeftMove ENDP
 00000372			RightMove PROC
 00000372  66| 53		    	push bx
 00000374  E8 FFFFFDFE		    	call FROGR
 00000379  66| BB 0000		    	mov bx,0000h
 0000037D  80 3D 00000975 R	    	cmp frogwalk2,39;
	   27
 00000384  72 09		    	jb big
 00000386  C6 05 00000975 R	    	mov frogwalk2,39
	   27
 0000038D  EB 0F		    	jmp fin
 0000038F				big:
 0000038F  8A 1D 00000975 R	    	mov bl,frogwalk2
 00000395  80 C3 01		    	add bl,1
 00000398  88 1D 00000975 R	    	mov frogwalk2,bl
 0000039E				fin:
 0000039E  66| 5B		    	pop bx
 000003A0  C3			Ret
 000003A1			RightMove ENDP
 000003A1			frogfirst PROC
 000003A1  66| 53		    	push bx
 000003A3  8A 3D 00000974 R	    	mov bh,frogwalk
 000003A9  8A 1D 00000975 R	    	mov bl,frogwalk2
 000003AF  80 3D 00000974 R	    	cmp frogwalk,7
	   07
 000003B6  75 61		    	jne walk
 000003B8  80 3D 00000975 R	    	cmp frogwalk2,2;
	   02
 000003BF  74 58		    	je walk
 000003C1  80 3D 00000975 R	    	cmp frogwalk2,6;
	   06
 000003C8  74 4F		    	je walk
 000003CA  80 3D 00000975 R	    	cmp frogwalk2,10;
	   0A
 000003D1  74 46		    	je walk
 000003D3  80 3D 00000975 R	    	cmp frogwalk2,14;
	   0E
 000003DA  74 3D		    	je walk
 000003DC  80 3D 00000975 R	    	cmp frogwalk2,18;
	   12
 000003E3  74 34		    	je walk
 000003E5  80 3D 00000975 R	    	cmp frogwalk2,22;
	   16
 000003EC  74 2B		    	je walk
 000003EE  80 3D 00000975 R	    	cmp frogwalk2,26;
	   1A
 000003F5  74 22		    	je walk
 000003F7  80 3D 00000975 R	    	cmp frogwalk2,30;
	   1E
 000003FE  74 19		    	je walk
 00000400  80 3D 00000975 R	    	cmp frogwalk2,34;
	   22
 00000407  74 10		    	je walk
 00000409  80 3D 00000975 R	    	cmp frogwalk2,38;
	   26
 00000410  74 07		    	je walk
 00000412  C6 05 00000976 R	    	mov iswalk,1
	   01
 00000419			walk:
 00000419  66| 5B		    	pop bx
 0000041B  C3			Ret
 0000041C			frogfirst ENDP

 0000041C			Signal PROC
					 
				 	 
					 
 0000041C  BA 000002D9 R	    mov edx, OFFSET game1
 00000421  A0 00000977 R	  	mov al, cnt
 00000426  38 05 00000975 R	  	cmp frogwalk2, al
 0000042C  75 23		  	jne notdie
 0000042E  80 3D 00000974 R	  	cmp frogwalk, 7
	   07
 00000435  75 1A		  	jne notdie
 00000437  C6 05 00000974 R	  	mov frogwalk, 0
	   00
 0000043E  C6 05 00000975 R	  	mov frogwalk2,12
	   0C
 00000445  A0 0000097D R		mov al,islose
 0000044A  2C 01		    sub al,1
 0000044C  A2 0000097D R	    mov islose,al

 00000451			notdie:    
 00000451  80 3D 00000977 R	  	cmp cnt,39  ;if(cnt==39)
	   27
 00000458  74 11		  	je  gL1
 0000045A  B0 23		  	mov al,35
 0000045C  02 15 00000977 R	  	add dl,cnt
 00000462  88 02		  	mov [edx],al  
 00000464  B0 20		  	mov al,32
 00000466  88 42 01		  	mov [edx+1],al
 00000469  EB 0A		  	jmp g3
 0000046B			gL1: 
 0000046B  BB 00000000		  	mov ebx, 0h
 00000470  B0 20		  	mov al,32
 00000472  88 04 1A		  	mov [edx+ebx],al
				    

 00000475  BA 0000032F R	g3: mov edx, OFFSET game3
 0000047A  8A 25 00000977 R	  	mov ah, cnt
 00000480  80 EC 23			sub ah, 35
 00000483  38 25 00000975 R	  	cmp frogwalk2, ah
 00000489  75 23		  	jne notdie3
 0000048B  80 3D 00000974 R	  	cmp frogwalk, 5
	   05
 00000492  75 1A		  	jne notdie3
 00000494  C6 05 00000974 R	  	mov frogwalk, 0
	   00
 0000049B  C6 05 00000975 R	  	mov frogwalk2,12
	   0C
 000004A2  A0 0000097D R		mov al,islose
 000004A7  2C 01		   sub al,1
 000004A9  A2 0000097D R	   mov islose,al

 000004AE			notdie3:    
 000004AE  80 3D 00000977 R	  	cmp cnt,34  ;if(cnt==18)
	   22
 000004B5  74 0F		  	je  gL3
 000004B7  72 19			jb  gL33
 000004B9  B0 23		  	mov al,35
 000004BB  02 D4		  	add dl,ah
 000004BD  88 02		  	mov [edx],al  
 000004BF  B0 20		  	mov al,32
 000004C1  88 42 01		  	mov [edx+1],al
 000004C4  EB 47		  	jmp g5
 000004C6			   gL3:
				    
 000004C6  BB 00000000		  	mov ebx, 0h
 000004CB  B0 20		  	mov al,32
 000004CD  88 04 1A		  	mov [edx+ebx],al
 000004D0  EB 3B			jmp g5
 000004D2			   gL33:
 000004D2  80 C4 27			add ah, 39
 000004D5  38 25 00000975 R		cmp frogwalk2, ah
 000004DB  75 23		  	jne notdie33
 000004DD  80 3D 00000974 R	  	cmp frogwalk, 5
	   05
 000004E4  75 1A		  	jne notdie33
 000004E6  C6 05 00000974 R		mov frogwalk, 0
	   00
 000004ED  C6 05 00000975 R	  	mov frogwalk2,12
	   0C
 000004F4  A0 0000097D R		mov al,islose
 000004F9  2C 01		   sub al,1
 000004FB  A2 0000097D R	   mov islose,al
 00000500			notdie33:
 00000500  B0 23			mov al,35
 00000502  02 D4		  	add dl,ah
 00000504  88 02		  	mov [edx],al  
 00000506  B0 20		  	mov al,32
 00000508  88 42 01		  	mov [edx+1],al
 0000050B  EB 00		  	jmp g5


					 

 0000050D  BA 00000385 R	g5: mov edx, OFFSET game5
 00000512  A0 00000977 R	  	mov al, cnt
 00000517  38 05 00000975 R	  	cmp frogwalk2, al
 0000051D  75 23		  	jne notdie5
 0000051F  80 3D 00000974 R	  	cmp frogwalk, 3
	   03
 00000526  75 1A		  	jne notdie5
 00000528  C6 05 00000974 R	  	mov frogwalk, 0
	   00
 0000052F  C6 05 00000975 R	  	mov frogwalk2,12
	   0C
 00000536  A0 0000097D R		mov al,islose
 0000053B  2C 01		   sub al,1
 0000053D  A2 0000097D R	   mov islose,al

 00000542			notdie5:    
 00000542  80 3D 00000977 R	  	cmp cnt,39  ;if(cnt==39)
	   27
 00000549  74 11		  	je  gL5
 0000054B  B0 23		  	mov al,35
 0000054D  02 15 00000977 R	  	add dl,cnt
 00000553  88 02		  	mov [edx],al  
 00000555  B0 20		  	mov al,32
 00000557  88 42 01		  	mov [edx+1],al
 0000055A  EB 0A		  	jmp g6
 0000055C			   gL5:
 0000055C  BB 00000000		  	mov ebx, 0h
 00000561  B0 20		  	mov al,32
 00000563  88 04 1A		  	mov [edx+ebx],al
				  

 00000566  BA 000003B0 R	g6: mov edx, OFFSET game6
 0000056B  8A 25 00000977 R	  	mov ah, cnt
 00000571  80 EC 14			sub ah, 20
 00000574  38 25 00000975 R	  	cmp frogwalk2, ah
 0000057A  75 23		  	jne notdie6
 0000057C  80 3D 00000974 R	  	cmp frogwalk, 2
	   02
 00000583  75 1A		  	jne notdie6
 00000585  C6 05 00000974 R	  	mov frogwalk, 0
	   00
 0000058C  C6 05 00000975 R	  	mov frogwalk2,12
	   0C
 00000593  A0 0000097D R		mov al,islose
 00000598  2C 01		   sub al,1
 0000059A  A2 0000097D R	   mov islose,al

 0000059F			notdie6:    
 0000059F  80 3D 00000977 R	  	cmp cnt,19  ;if(cnt==18)
	   13
 000005A6  74 0F		  	je  gL6
 000005A8  72 19			jb  gL66
 000005AA  B0 23		  	mov al,35
 000005AC  02 D4		  	add dl,ah
 000005AE  88 02		  	mov [edx],al  
 000005B0  B0 20		  	mov al,32
 000005B2  88 42 01		  	mov [edx+1],al
 000005B5  EB 47		  	jmp g7
 000005B7			   gL6:
				    
 000005B7  BB 00000000		  	mov ebx, 0h
 000005BC  B0 20		  	mov al,32
 000005BE  88 04 1A		  	mov [edx+ebx],al
 000005C1  EB 3B			jmp g7
 000005C3			   gL66:
 000005C3  80 C4 27			add ah, 39
 000005C6  38 25 00000975 R		cmp frogwalk2, ah
 000005CC  75 23		  	jne notdie66
 000005CE  80 3D 00000974 R	  	cmp frogwalk, 2
	   02
 000005D5  75 1A		  	jne notdie66
 000005D7  C6 05 00000974 R		mov frogwalk, 0
	   00
 000005DE  C6 05 00000975 R	  	mov frogwalk2,12
	   0C
 000005E5  A0 0000097D R		mov al,islose
 000005EA  2C 01		   sub al,1
 000005EC  A2 0000097D R	   mov islose,al
 000005F1			notdie66:
 000005F1  B0 23			mov al,35
 000005F3  02 D4		  	add dl,ah
 000005F5  88 02		  	mov [edx],al  
 000005F7  B0 20		  	mov al,32
 000005F9  88 42 01		  	mov [edx+1],al
 000005FC  EB 00		  	jmp g7

 000005FE  BA 000003DA R	g7: mov edx, OFFSET game7
 00000603  8A 25 00000977 R	  	mov ah, cnt
 00000609  80 EC 19			sub ah, 25
 0000060C  38 25 00000975 R	  	cmp frogwalk2, ah
 00000612  75 23		  	jne notdie7
 00000614  80 3D 00000974 R	  	cmp frogwalk, 1
	   01
 0000061B  75 1A		  	jne notdie7
 0000061D  C6 05 00000974 R	  	mov frogwalk, 0
	   00
 00000624  C6 05 00000975 R	  	mov frogwalk2,12
	   0C
 0000062B  A0 0000097D R		mov al,islose
 00000630  2C 01		   sub al,1
 00000632  A2 0000097D R	   mov islose,al

 00000637			notdie7:    
 00000637  80 3D 00000977 R	  	cmp cnt,24  ;if(cnt==18)
	   18
 0000063E  74 0F		  	je  gL7
 00000640  72 19			jb  gL77
 00000642  B0 23		  	mov al,35
 00000644  02 D4		  	add dl,ah
 00000646  88 02		  	mov [edx],al  
 00000648  B0 20		  	mov al,32
 0000064A  88 42 01		  	mov [edx+1],al
 0000064D  EB 47		  	jmp end_signal
 0000064F			   gL7:
				    
 0000064F  BB 00000000		  	mov ebx, 0h
 00000654  B0 20		  	mov al,32
 00000656  88 04 1A		  	mov [edx+ebx],al
 00000659  EB 3B			jmp end_signal
 0000065B			   gL77:
 0000065B  80 C4 27			add ah, 39
 0000065E  38 25 00000975 R		cmp frogwalk2, ah
 00000664  75 23		  	jne notdie77
 00000666  80 3D 00000974 R	  	cmp frogwalk, 1
	   01
 0000066D  75 1A		  	jne notdie77
 0000066F  C6 05 00000974 R		mov frogwalk, 0
	   00
 00000676  C6 05 00000975 R	  	mov frogwalk2,12
	   0C
 0000067D  A0 0000097D R		mov al,islose
 00000682  2C 01		   sub al,1
 00000684  A2 0000097D R	   mov islose,al
 00000689			notdie77:
 00000689  B0 23			mov al,35
 0000068B  02 D4		  	add dl,ah
 0000068D  88 02		  	mov [edx],al  
 0000068F  B0 20		  	mov al,32
 00000691  88 42 01		  	mov [edx+1],al
 00000694  EB 00		  	jmp end_signal




 00000696			end_signal:
				 	 
 00000696  C3			Ret
 00000697			Signal ENDP

 00000697			main PROC
 00000697			start:
 00000697  B8 0000000A			mov  eax, 10+(0*16)
 0000069C  E8 00000000 E		call SetTextColor

 000006A1  66| BB 0000			mov bx,0000h
 000006A5  BA 00000000 R		mov edx, OFFSET background
 000006AA  E8 00000000 E		call WriteString
 000006AF  E8 00000000 E		call Crlf
 000006B4  B8 0000000B			mov  eax, 11+(0*16)
 000006B9  E8 00000000 E		call SetTextColor
				    
 000006BE  BA 00000031 R		mov edx, OFFSET background1
 000006C3  E8 00000000 E		call WriteString
 000006C8  E8 00000000 E		call Crlf
 000006CD  B8 0000000A			mov  eax, 10+(0*16)
 000006D2  E8 00000000 E		call SetTextColor
				    
 000006D7  BA 00000062 R		mov edx, OFFSET background2
 000006DC  E8 00000000 E		call WriteString
 000006E1  E8 00000000 E		call Crlf
 000006E6  B8 0000000B			mov  eax, 11+(0*16)
 000006EB  E8 00000000 E		call SetTextColor
				    
 000006F0  BA 00000093 R		mov edx, OFFSET background3
 000006F5  E8 00000000 E		call WriteString
 000006FA  E8 00000000 E		call Crlf
 000006FF  B8 0000000A			mov  eax, 10+(0*16)
 00000704  E8 00000000 E		call SetTextColor
				    
 00000709  BA 000000C4 R		mov edx, OFFSET background4
 0000070E  E8 00000000 E		call WriteString
 00000713  E8 00000000 E		call Crlf
 00000718  B8 0000000B		    mov  eax, 11+(0*16)
 0000071D  E8 00000000 E		call SetTextColor
 00000722  BA 000000F5 R		mov edx, OFFSET background5
 00000727  E8 00000000 E		call WriteString
 0000072C  E8 00000000 E		call Crlf
 00000731  B8 0000000A		    mov  eax, 10+(0*16)
 00000736  E8 00000000 E		call SetTextColor
 0000073B  BA 00000126 R		mov edx, OFFSET background6
 00000740  E8 00000000 E		call WriteString
 00000745  E8 00000000 E		call Crlf
 0000074A  B8 0000000B		    mov  eax, 11+(0*16)
 0000074F  E8 00000000 E		call SetTextColor
 00000754  BA 00000157 R		mov edx, OFFSET background7
 00000759  E8 00000000 E		call WriteString
 0000075E  E8 00000000 E		call Crlf
 00000763  B8 0000000A			mov  eax, 10+(0*16)
 00000768  E8 00000000 E		call SetTextColor
				    
 0000076D  BA 00000188 R		mov edx, OFFSET background8
 00000772  E8 00000000 E		call WriteString
 00000777  E8 00000000 E		call Crlf
 0000077C  B8 0000000B		    mov  eax, 11+(0*16)
 00000781  E8 00000000 E		call SetTextColor
 00000786  BA 000001B9 R		mov edx, OFFSET background9
 0000078B  E8 00000000 E		call WriteString
 00000790  E8 00000000 E		call Crlf
 00000795  B8 0000000A			mov  eax, 10+(0*16)
 0000079A  E8 00000000 E		call SetTextColor
				    
 0000079F  BA 000001EA R		mov edx, OFFSET background10
 000007A4  E8 00000000 E		call WriteString
 000007A9  E8 00000000 E		call Crlf
 000007AE  B8 0000000B			mov  eax, 11+(0*16)
 000007B3  E8 00000000 E		call SetTextColor
 000007B8  BA 0000021B R		mov edx, OFFSET background11
 000007BD  E8 00000000 E		call WriteString
 000007C2  E8 00000000 E		call Crlf
 000007C7  B8 0000000A			mov  eax, 10+(0*16)
 000007CC  E8 00000000 E		call SetTextColor
				    
 000007D1  BA 0000024C R		mov edx, OFFSET background12
 000007D6  E8 00000000 E		call WriteString
 000007DB  E8 00000000 E		call Crlf
 000007E0  B8 0000000B		    mov  eax, 11+(0*16)
 000007E5  E8 00000000 E		call SetTextColor
 000007EA  BA 0000027D R		mov edx, OFFSET background13
 000007EF  E8 00000000 E		call WriteString
 000007F4  E8 00000000 E		call Crlf
 000007F9			read:
 000007F9  E8 00000000 E		call ReadInt
 000007FE  A3 00000978 R		mov intVal, eax
 00000803  83 F8 01			cmp eax, 1;
 00000806  0F 84 00000586		je break
 0000080C  83 F8 02			cmp eax, 2;
 0000080F  74 1A			je easy
 00000811  83 F8 03			cmp eax, 3;
 00000814  0F 84 000001BB		je hard
 0000081A  BA 0000095D R		mov edx, OFFSET wrong
 0000081F  E8 00000000 E	    call WriteString
 00000824  E8 00000000 E	    call Crlf
 00000829  EB CE			jmp read
 0000082B			easy:
 0000082B  80 3D 0000097C R			cmp iswin,10
	   0A
 00000832  0F 84 0000033A	   		je win
 00000838  80 3D 0000097D R			cmp islose,0
	   00
 0000083F  0F 84 00000415			je lose
 00000845  8A 1D 00000977 R			mov bl, cnt
 0000084B  A0 0000097E R			mov al, flag
 00000850  3C 00				cmp al, 0
 00000852  75 0C				jne notclear
 00000854  E8 00000000 E			call Clrscr
 00000859  FE C0				inc al
 0000085B  A2 0000097E R			mov flag, al
 00000860			 notclear:
 00000860  B2 00				mov  dl, 0                       
 00000862  B6 00		        mov  dh, 0                     
 00000864  E8 00000000 E	        call Gotoxy                     
 00000869  B8 0000000B				mov  eax, 11+(0*16)
 0000086E  E8 00000000 E			call SetTextColor

 00000873  BA 000002AE R	    	mov edx, OFFSET game
 00000878  E8 00000000 E	    	call WriteString
 0000087D  E8 00000000 E	    	call Crlf
 00000882  BA 000002D9 R	    	mov edx, OFFSET game1
 00000887  E8 00000000 E	    	call WriteString
 0000088C  E8 00000000 E	    	call Crlf
 00000891  BA 00000304 R	    	mov edx, OFFSET game2
 00000896  E8 00000000 E	    	call WriteString
 0000089B  E8 00000000 E	    	call Crlf
 000008A0  BA 0000032F R	    	mov edx, OFFSET game3
 000008A5  E8 00000000 E	    	call WriteString
 000008AA  E8 00000000 E	    	call Crlf
 000008AF  BA 0000035A R	    	mov edx, OFFSET game4
 000008B4  E8 00000000 E	    	call WriteString
 000008B9  E8 00000000 E	    	call Crlf
 000008BE  BA 00000385 R	    	mov edx, OFFSET game5
 000008C3  E8 00000000 E	    	call WriteString
 000008C8  E8 00000000 E	    	call Crlf
 000008CD  BA 000003B0 R	    	mov edx, OFFSET game6
 000008D2  E8 00000000 E	    	call WriteString
 000008D7  E8 00000000 E	    	call Crlf
 000008DC  BA 000003DA R	    	mov edx, OFFSET game7
 000008E1  E8 00000000 E	    	call WriteString
 000008E6  E8 00000000 E	    	call Crlf
 000008EB  BA 00000404 R	    	mov edx, OFFSET game8
 000008F0  E8 00000000 E	    	call WriteString
 000008F5  E8 00000000 E	    	call Crlf
 000008FA  BA 0000042E R	    	mov edx, OFFSET game9
 000008FF  E8 00000000 E	    	call WriteString
 00000904  E8 00000000 E	    	call Crlf
 00000909  BA 0000094C R			mov edx, OFFSET score
 0000090E  E8 00000000 E	    	call WriteString
 00000913  A0 0000097C R	        mov al, iswin
 00000918  E8 00000000 E	   	    call  WriteDec
 0000091D  E8 00000000 E	    	call Crlf
 00000922  BA 00000955 R	   	    mov edx, OFFSET life
 00000927  E8 00000000 E	    	call WriteString
 0000092C  A0 0000097D R	        mov al, islose
 00000931  E8 00000000 E	   	    call  WriteDec
 00000936  E8 00000000 E	    	call Crlf

 0000093B  E8 FFFFFADC		    	call signal
 00000940  80 3D 00000977 R	    	cmp cnt, 1
	   01
 00000947  7C 09		    	jl thirtynine ;if(cnt<0)
 00000949  80 2D 00000977 R	    	sub cnt,1
	   01
				   	 
 00000950  EB 07		    	jmp	L
 00000952				thirtynine:
 00000952  C6 05 00000977 R	    	mov cnt,39  	;cnt=39
	   27
				   	 
 00000959				L:
 00000959  E8 FFFFF6A2		       	Call FROG;
 0000095E  B8 000001F4		       	mov eax , 500 ;
 00000963  E8 00000000 E	    	call Delay;
 00000968  E8 00000000 E	    	call ReadKey
 0000096D  0F 84 FFFFFEB8	    	jz easy
 00000973  66| 83 FA 26		        cmp dx, 26h
 00000977  74 22		        je Up
 00000979  66| 83 FA 28		        cmp dx, 28h
 0000097D  74 26		        je Down
 0000097F  66| 83 FA 25		        cmp dx, 25h
 00000983  74 2A		        je Left
 00000985  66| 83 FA 27		        cmp dx, 27h
 00000989  74 2E		        je Right
 0000098B  0F 85 FFFFFE9A			jnz easy
 00000991  66| 83 FA 69				cmp dx, 69h
 00000995  0F 87 FFFFFE90		    ja easy
 0000099B			    	Up:
 0000099B  E8 FFFFF930		      	call UpMove
 000009A0  E8 0000001E		      	call Next
 000009A5			    	Down:
 000009A5  E8 FFFFF96A		      	call DownMove
 000009AA  E8 00000014		      	call Next
 000009AF			    	Left:
 000009AF  E8 FFFFF98F		      	call LeftMove
 000009B4  E8 0000000A		      	call Next
 000009B9			    	Right:
 000009B9  E8 FFFFF9B4		      	call RightMove
 000009BE  E8 00000000		      	call Next
 000009C3			    	Next:
 000009C3  80 3D 0000097C R			cmp iswin,10
	   0A
 000009CA  0F 84 000001A2	   		 je Win
 000009D0  E9 FFFFFE56		      	jmp easy
 000009D5			hard:
 000009D5  80 3D 0000097C R			cmp iswin,10
	   0A
 000009DC  0F 84 00000190	   		je Win
 000009E2  80 3D 0000097D R			cmp islose,0
	   00
 000009E9  0F 84 0000026B			je lose
 000009EF  8A 1D 00000977 R			mov bl, cnt
 000009F5  A0 0000097E R	    	mov al, flag
 000009FA  3C 00				cmp al, 0
 000009FC  75 0C				jne notclearr
 000009FE  E8 00000000 E			call Clrscr
 00000A03  FE C0				inc al
 00000A05  A2 0000097E R			mov flag, al
 00000A0A			 notclearr:
 00000A0A  B2 00				mov  dl, 0                       
 00000A0C  B6 00		        mov  dh, 0                     
 00000A0E  E8 00000000 E	        call Gotoxy   
 00000A13  B8 0000000B				mov  eax, 11+(0*16)
 00000A18  E8 00000000 E			call SetTextColor
 00000A1D  BA 000002AE R	    	mov edx, OFFSET game
 00000A22  E8 00000000 E	    	call WriteString
 00000A27  E8 00000000 E	    	call Crlf
 00000A2C  BA 000002D9 R	    	mov edx, OFFSET game1
 00000A31  E8 00000000 E	    	call WriteString
 00000A36  E8 00000000 E	    	call Crlf
 00000A3B  BA 00000304 R	    	mov edx, OFFSET game2
 00000A40  E8 00000000 E	    	call WriteString
 00000A45  E8 00000000 E    	call Crlf
 00000A4A  BA 0000032F R	    	mov edx, OFFSET game3
 00000A4F  E8 00000000 E	    	call WriteString
 00000A54  E8 00000000 E	    	call Crlf
 00000A59  BA 0000035A R	    	mov edx, OFFSET game4
 00000A5E  E8 00000000 E	    	call WriteString
 00000A63  E8 00000000 E	    	call Crlf
 00000A68  BA 00000385 R	    	mov edx, OFFSET game5
 00000A6D  E8 00000000 E	    	call WriteString
 00000A72  E8 00000000 E	    	call Crlf
 00000A77  BA 000003B0 R	    	mov edx, OFFSET game6
 00000A7C  E8 00000000 E	    	call WriteString
 00000A81  E8 00000000 E	    	call Crlf
 00000A86  BA 000003DA R	    	mov edx, OFFSET game7
 00000A8B  E8 00000000 E	    	call WriteString
 00000A90  E8 00000000 E	    	call Crlf
 00000A95  BA 00000404 R	    	mov edx, OFFSET game8
 00000A9A  E8 00000000 E	    	call WriteString
 00000A9F  E8 00000000 E	    	call Crlf
 00000AA4  BA 0000042E R			mov edx, OFFSET game9
 00000AA9  E8 00000000 E	    	call WriteString
 00000AAE  E8 00000000 E	    	call Crlf
 00000AB3  BA 0000094C R			mov edx, OFFSET score
 00000AB8  E8 00000000 E	    	call WriteString
 00000ABD  A0 0000097C R	   	    mov al, iswin
 00000AC2  E8 00000000 E	        call  WriteDec
 00000AC7  E8 00000000 E	    	call Crlf
 00000ACC  BA 00000955 R	   	    mov edx, OFFSET life
 00000AD1  E8 00000000 E	    	call WriteString
 00000AD6  A0 0000097D R	   	    mov al, islose
 00000ADB  E8 00000000 E	   	    call  WriteDec
 00000AE0  E8 00000000 E	    	call Crlf

 00000AE5  E8 FFFFF932		    	call signal
 00000AEA  80 3D 00000977 R	    	cmp cnt, 1
	   01
 00000AF1  7C 09		    	jl thirtyninee ;if(cnt<0)
 00000AF3  80 2D 00000977 R	    	sub cnt,1
	   01
				   	 
 00000AFA  EB 07		    	jmp	L2
 00000AFC				thirtyninee:
 00000AFC  C6 05 00000977 R	    	mov cnt,39  	;cnt=39
	   27
 00000B03			   	 L2:
 00000B03  E8 FFFFF4F8		       	Call FROG ;
 00000B08  B8 0000001E		       	mov eax ,30 ;
 00000B0D  E8 00000000 E	    	call Delay;
 00000B12  E8 00000000 E	    	call ReadKey
 00000B17  0F 84 FFFFFEB8	    	jz hard
 00000B1D  66| 83 FA 26		        cmp dx, 26h
 00000B21  74 22		        je Up2
 00000B23  66| 83 FA 28		        cmp dx, 28h
 00000B27  74 26		        je Down2
 00000B29  66| 83 FA 25		        cmp dx, 25h
 00000B2D  74 2A		        je Left2
 00000B2F  66| 83 FA 27		        cmp dx, 27h
 00000B33  74 2E		        je Right2
 00000B35  0F 85 FFFFFE9A		    jnz hard
 00000B3B  66| 83 FA 69		        cmp dx, 69h
 00000B3F  0F 87 FFFFFE90			ja hard
 00000B45			    	Up2:
 00000B45  E8 FFFFF786		     	call UpMove
 00000B4A  E8 0000001E		      	call Next2
 00000B4F			    	Down2:
 00000B4F  E8 FFFFF7C0		     	call DownMove
 00000B54  E8 00000014		      	call Next2
 00000B59			    	Left2:
 00000B59  E8 FFFFF7E5		     	call LeftMove
 00000B5E  E8 0000000A		      	call Next2
 00000B63			    	Right2:
 00000B63  E8 FFFFF80A		      	call RightMove
 00000B68  E8 00000000		      	call Next2
 00000B6D			    	Next2:
					
 00000B6D  E9 FFFFFE63		      	jmp hard
 00000B72			    Win:
 00000B72  66| BB 0000		   	mov bx,0000h
 00000B76  E8 00000000 E	   	 call Clrscr
 00000B7B  B8 0000000E			 	mov  eax, 14+(0*16)
 00000B80  E8 00000000 E		    call SetTextColor
 00000B85  BA 00000645 R	    	mov edx, OFFSET wingame
 00000B8A  E8 00000000 E	    	call WriteString
 00000B8F  E8 00000000 E	    	call Crlf
				    
 00000B94  BA 00000672 R	    	mov edx, OFFSET wingame1
 00000B99  E8 00000000 E	    	call WriteString
 00000B9E  E8 00000000 E	    	call Crlf
				    
 00000BA3  BA 0000069C R	    	mov edx, OFFSET wingame2
 00000BA8  E8 00000000 E	    	call WriteString
 00000BAD  E8 00000000 E	    	call Crlf
				    
 00000BB2  BA 000006C6 R	    	mov edx, OFFSET wingame3
 00000BB7  E8 00000000 E	    	call WriteString
 00000BBC  E8 00000000 E	    	call Crlf
				    
 00000BC1  BA 000006EF R	    	mov edx, OFFSET wingame4
 00000BC6  E8 00000000 E	    	call WriteString
 00000BCB  E8 00000000 E	    	call Crlf
				    
 00000BD0  BA 00000718 R	    	mov edx, OFFSET wingame5
 00000BD5  E8 00000000 E	    	call WriteString
 00000BDA  E8 00000000 E	    	call Crlf
				    
 00000BDF  BA 00000740 R	    	mov edx, OFFSET wingame6
 00000BE4  E8 00000000 E	    	call WriteString
 00000BE9  E8 00000000 E	    	call Crlf
				    
 00000BEE  BA 0000076A R	    	mov edx, OFFSET wingame7
 00000BF3  E8 00000000 E	    	call WriteString
 00000BF8  E8 00000000 E	    	call Crlf
 00000BFD  BA 00000795 R	    	mov edx, OFFSET wingame8
 00000C02  E8 00000000 E	    	call WriteString
 00000C07  E8 00000000 E	    	call Crlf
 00000C0C  B8 00001388		   		mov	eax , 5000 	; 0.5¬í
 00000C11  E8 00000000 E	    	call Delay;
 00000C16  E8 00000000 E		    call Clrscr
 00000C1B  C6 05 0000097C R		    mov iswin,0
	   00
 00000C22  C6 05 0000097D R			mov islose,2
	   02
 00000C29  BA 000002AE R		    mov edx, OFFSET game
 00000C2E  B0 20		        mov al,32
 00000C30  88 42 02		        mov [edx+2],al
 00000C33  88 42 06				mov [edx+6],al
 00000C36  88 42 0A			    mov [edx+10],al
 00000C39  88 42 0E				mov [edx+14],al
 00000C3C  88 42 12			    mov [edx+18],al
 00000C3F  88 42 16				mov [edx+22],al
 00000C42  88 42 1A				mov [edx+26],al
 00000C45  88 42 1E			    mov [edx+30],al
 00000C48  88 42 22				mov [edx+34],al
 00000C4B  88 42 26				mov [edx+38],al
 00000C4E  C6 05 0000097E R			mov flag, 0
	   00
 00000C55  E9 FFFFFA3D		   	 jmp start
 00000C5A				 lose:
 00000C5A  B8 0000000C			    mov   eax , 12+ (0*16 )    ; ¥Õ¦rÂÅ©³
 00000C5F  E8 00000000 E	        call    SetTextColor
 00000C64  66| BB 0000		        mov bx,0000h
 00000C68  E8 00000000 E	        call Clrscr
 00000C6D  BA 000007C2 R	        mov edx, OFFSET losegame
 00000C72  E8 00000000 E	        call WriteString
 00000C77  E8 00000000 E	        call Crlf
				    
 00000C7C  BA 000007E9 R	        mov edx, OFFSET losegame1
 00000C81  E8 00000000 E	        call WriteString
 00000C86  E8 00000000 E	        call Crlf
				    
 00000C8B  BA 0000080D R	        mov edx, OFFSET losegame2
 00000C90  E8 00000000 E	        call WriteString
 00000C95  E8 00000000 E	        call Crlf
				    
 00000C9A  BA 0000082E R	        mov edx, OFFSET losegame3
 00000C9F  E8 00000000 E	        call WriteString
 00000CA4  E8 00000000 E	        call Crlf
				    
 00000CA9  BA 00000850 R	        mov edx, OFFSET losegame4
 00000CAE  E8 00000000 E	        call WriteString
 00000CB3  E8 00000000 E	        call Crlf
				    
 00000CB8  BA 00000873 R	        mov edx, OFFSET losegame5
 00000CBD  E8 00000000 E	        call WriteString
 00000CC2  E8 00000000 E	        call Crlf
				    
 00000CC7  BA 00000895 R	        mov edx, OFFSET losegame6
 00000CCC  E8 00000000 E	        call WriteString
 00000CD1  E8 00000000 E	        call Crlf
				    
 00000CD6  BA 000008B7 R	        mov edx, OFFSET losegame7
 00000CDB  E8 00000000 E	        call WriteString
 00000CE0  E8 00000000 E	        call Crlf
 00000CE5  BA 000008DB R	        mov edx, OFFSET losegame8
 00000CEA  E8 00000000 E	        call WriteString
 00000CEF  E8 00000000 E	        call Crlf
 00000CF4  BA 00000900 R			mov edx, OFFSET losegame9
 00000CF9  E8 00000000 E	        call WriteString
 00000CFE  E8 00000000 E	        call Crlf
 00000D03  BA 00000925 R			mov edx, OFFSET losegame10
 00000D08  E8 00000000 E	        call WriteString
 00000D0D  E8 00000000 E	        call Crlf
 00000D12  BA 0000094C R			mov edx, OFFSET score
 00000D17  E8 00000000 E	    	call WriteString
 00000D1C  A0 0000097C R	   		mov al, iswin
 00000D21  E8 00000000 E	   		call  WriteDec
 00000D26  E8 00000000 E	    	call Crlf
 00000D2B  BA 00000955 R		 	mov edx, OFFSET life
 00000D30  E8 00000000 E	    	call WriteString
 00000D35  A0 0000097D R	   		mov al, islose
 00000D3A  E8 00000000 E	   	    call  WriteDec
 00000D3F  E8 00000000 E	    	call Crlf

 00000D44  B8 00001388		        mov eax , 5000  ; 0.5¬í
 00000D49  E8 00000000 E	        call Delay;
 00000D4E  E8 00000000 E	        call Clrscr
 00000D53  C6 05 0000097C R			mov iswin,0
	   00
 00000D5A  C6 05 0000097D R			mov islose,2
	   02
 00000D61  BA 000002AE R		    mov edx, OFFSET game
 00000D66  B0 20				mov al,32
 00000D68  88 42 02				mov [edx+2],al
 00000D6B  88 42 06				mov [edx+6],al
 00000D6E  88 42 0A				mov [edx+10],al
 00000D71  88 42 0E				mov [edx+14],al
 00000D74  88 42 12				mov [edx+18],al
 00000D77  88 42 16				mov [edx+22],al
 00000D7A  88 42 1A			    mov [edx+26],al
 00000D7D  88 42 1E				mov [edx+30],al
 00000D80  88 42 22				mov [edx+34],al
 00000D83  88 42 26				mov [edx+38],al
 00000D86  C6 05 0000097E R			mov flag, 0
	   00
 00000D8D  E9 FFFFF905		        jmp start
				 	 

 00000D92				break:
 00000D92  66| BB 0000				mov bx,0000h
 00000D96  E8 00000000 E			call Clrscr
 00000D9B  BA 00000459 R			mov edx, OFFSET endgame
 00000DA0  E8 00000000 E			call WriteString
 00000DA5  E8 00000000 E			call Crlf
				    
 00000DAA  BA 00000493 R			mov edx, OFFSET endgame1
 00000DAF  E8 00000000 E			call WriteString
 00000DB4  E8 00000000 E			call Crlf
				    
 00000DB9  BA 000004C6 R			mov edx, OFFSET endgame2
 00000DBE  E8 00000000 E			call WriteString
 00000DC3  E8 00000000 E			call Crlf
				    
 00000DC8  BA 000004FE R			mov edx, OFFSET endgame3
 00000DCD  E8 00000000 E			call WriteString
 00000DD2  E8 00000000 E			call Crlf
				    
 00000DD7  BA 00000537 R			mov edx, OFFSET endgame4
 00000DDC  E8 00000000 E			call WriteString
 00000DE1  E8 00000000 E			call Crlf
				    
 00000DE6  BA 00000570 R			mov edx, OFFSET endgame5
 00000DEB  E8 00000000 E			call WriteString
 00000DF0  E8 00000000 E			call Crlf
				    
 00000DF5  BA 000005A7 R			mov edx, OFFSET endgame6
 00000DFA  E8 00000000 E			call WriteString
 00000DFF  E8 00000000 E			call Crlf
				    
 00000E04  BA 000005DF R			mov edx, OFFSET endgame7
 00000E09  E8 00000000 E			call WriteString
 00000E0E  E8 00000000 E			call Crlf
				    
 00000E13  BA 0000060B R			mov edx, OFFSET endgame8
 00000E18  E8 00000000 E			call WriteString
 00000E1D  E8 00000000 E			call Crlf
				    
 00000E22  E8 00000000 E			call WaitMsg
 00000E27  EB 00				jmp end_
 00000E29			end_:

 00000E29  C3			RET
 00000E2A			main ENDP
				END main





Microsoft (R) Macro Assembler Version 14.11.25508.2	    01/09/18 01:01:30
main.asm						     Symbols 2 - 1




Structures and Unions:

                N a m e                  Size
                                         Offset      Type

CONSOLE_CURSOR_INFO  . . . . . .	 00000008
  dwSize . . . . . . . . . . . .	 00000000	 DWord
  bVisible . . . . . . . . . . .	 00000004	 DWord
CONSOLE_SCREEN_BUFFER_INFO . . .	 00000016
  dwSize . . . . . . . . . . . .	 00000000	 DWord
  dwCursorPosition . . . . . . .	 00000004	 DWord
  wAttributes  . . . . . . . . .	 00000008	 Word
  srWindow . . . . . . . . . . .	 0000000A	 QWord
  dwMaximumWindowSize  . . . . .	 00000012	 DWord
COORD  . . . . . . . . . . . . .	 00000004
  X  . . . . . . . . . . . . . .	 00000000	 Word
  Y  . . . . . . . . . . . . . .	 00000002	 Word
FILETIME . . . . . . . . . . . .	 00000008
  loDateTime . . . . . . . . . .	 00000000	 DWord
  hiDateTime . . . . . . . . . .	 00000004	 DWord
FOCUS_EVENT_RECORD . . . . . . .	 00000004
  bSetFocus  . . . . . . . . . .	 00000000	 DWord
FPU_ENVIRON  . . . . . . . . . .	 0000001C
  controlWord  . . . . . . . . .	 00000000	 Word
  statusWord . . . . . . . . . .	 00000004	 Word
  tagWord  . . . . . . . . . . .	 00000008	 Word
  instrPointerOffset . . . . . .	 0000000C	 DWord
  instrPointerSelector . . . . .	 00000010	 DWord
  operandPointerOffset . . . . .	 00000014	 DWord
  operandPointerSelector . . . .	 00000018	 Word
INPUT_RECORD . . . . . . . . . .	 00000014
  EventType  . . . . . . . . . .	 00000000	 Word
  Event  . . . . . . . . . . . .	 00000004	 XmmWord
  bKeyDown . . . . . . . . . . .	 00000000	 DWord
  wRepeatCount . . . . . . . . .	 00000004	 Word
  wVirtualKeyCode  . . . . . . .	 00000006	 Word
  wVirtualScanCode . . . . . . .	 00000008	 Word
  uChar  . . . . . . . . . . . .	 0000000A	 Word
  UnicodeChar  . . . . . . . . .	 00000000	 Word
  AsciiChar  . . . . . . . . . .	 00000000	 Byte
  dwControlKeyState  . . . . . .	 0000000C	 DWord
  dwMousePosition  . . . . . . .	 00000000	 DWord
  dwButtonState  . . . . . . . .	 00000004	 DWord
  dwMouseControlKeyState . . . .	 00000008	 DWord
  dwEventFlags . . . . . . . . .	 0000000C	 DWord
  dwSize . . . . . . . . . . . .	 00000000	 DWord
  dwCommandId  . . . . . . . . .	 00000000	 DWord
  bSetFocus  . . . . . . . . . .	 00000000	 DWord
KEY_EVENT_RECORD . . . . . . . .	 00000010
  bKeyDown . . . . . . . . . . .	 00000000	 DWord
  wRepeatCount . . . . . . . . .	 00000004	 Word
  wVirtualKeyCode  . . . . . . .	 00000006	 Word
  wVirtualScanCode . . . . . . .	 00000008	 Word
  uChar  . . . . . . . . . . . .	 0000000A	 Word
  UnicodeChar  . . . . . . . . .	 00000000	 Word
  AsciiChar  . . . . . . . . . .	 00000000	 Byte
  dwControlKeyState  . . . . . .	 0000000C	 DWord
MENU_EVENT_RECORD  . . . . . . .	 00000004
  dwCommandId  . . . . . . . . .	 00000000	 DWord
MOUSE_EVENT_RECORD . . . . . . .	 00000010
  dwMousePosition  . . . . . . .	 00000000	 DWord
  dwButtonState  . . . . . . . .	 00000004	 DWord
  dwMouseControlKeyState . . . .	 00000008	 DWord
  dwEventFlags . . . . . . . . .	 0000000C	 DWord
SMALL_RECT . . . . . . . . . . .	 00000008
  Left . . . . . . . . . . . . .	 00000000	 Word
  Top  . . . . . . . . . . . . .	 00000002	 Word
  Right  . . . . . . . . . . . .	 00000004	 Word
  Bottom . . . . . . . . . . . .	 00000006	 Word
SYSTEMTIME . . . . . . . . . . .	 00000010
  wYear  . . . . . . . . . . . .	 00000000	 Word
  wMonth . . . . . . . . . . . .	 00000002	 Word
  wDayOfWeek . . . . . . . . . .	 00000004	 Word
  wDay . . . . . . . . . . . . .	 00000006	 Word
  wHour  . . . . . . . . . . . .	 00000008	 Word
  wMinute  . . . . . . . . . . .	 0000000A	 Word
  wSecond  . . . . . . . . . . .	 0000000C	 Word
  wMilliseconds  . . . . . . . .	 0000000E	 Word
WINDOW_BUFFER_SIZE_RECORD  . . .	 00000004
  dwSize . . . . . . . . . . . .	 00000000	 DWord


Segments and Groups:

                N a m e                 Size     Length   Align   Combine Class

FLAT . . . . . . . . . . . . . .	GROUP
STACK  . . . . . . . . . . . . .	32 Bit	 00001000 Para	  Stack	  'STACK'	 
_DATA  . . . . . . . . . . . . .	32 Bit	 0000097F Para	  Public  'DATA'	
_TEXT  . . . . . . . . . . . . .	32 Bit	 00000E2A Para	  Public  'CODE'	


Procedures, parameters, and locals:

                N a m e                 Type     Value    Attr

CloseFile  . . . . . . . . . . .	P Near	 00000000 FLAT	Length= 00000000 External STDCALL
CloseHandle  . . . . . . . . . .	P Near	 00000000 FLAT	Length= 00000000 External STDCALL
Clrscr . . . . . . . . . . . . .	P Near	 00000000 FLAT	Length= 00000000 External STDCALL
CreateFileA  . . . . . . . . . .	P Near	 00000000 FLAT	Length= 00000000 External STDCALL
CreateOutputFile . . . . . . . .	P Near	 00000000 FLAT	Length= 00000000 External STDCALL
Crlf . . . . . . . . . . . . . .	P Near	 00000000 FLAT	Length= 00000000 External STDCALL
Delay  . . . . . . . . . . . . .	P Near	 00000000 FLAT	Length= 00000000 External STDCALL
DownMove . . . . . . . . . . . .	P Near	 00000314 _TEXT	Length= 0000002F Public STDCALL
  smell  . . . . . . . . . . . .	L Near	 00000331 _TEXT	
  fin  . . . . . . . . . . . . .	L Near	 00000340 _TEXT	
DumpMem  . . . . . . . . . . . .	P Near	 00000000 FLAT	Length= 00000000 External STDCALL
DumpRegs . . . . . . . . . . . .	P Near	 00000000 FLAT	Length= 00000000 External STDCALL
ExitProcess  . . . . . . . . . .	P Near	 00000000 FLAT	Length= 00000000 External STDCALL
FROGR  . . . . . . . . . . . . .	P Near	 00000177 _TEXT	Length= 00000159 Public STDCALL
  L0 . . . . . . . . . . . . . .	L Near	 000001D0 _TEXT	
  L1 . . . . . . . . . . . . . .	L Near	 000001D7 _TEXT	
  L2 . . . . . . . . . . . . . .	L Near	 000001DE _TEXT	
  L3 . . . . . . . . . . . . . .	L Near	 000001E5 _TEXT	
  L4 . . . . . . . . . . . . . .	L Near	 000001EC _TEXT	
  L5 . . . . . . . . . . . . . .	L Near	 000001FF _TEXT	
  L6 . . . . . . . . . . . . . .	L Near	 00000206 _TEXT	
  L7 . . . . . . . . . . . . . .	L Near	 0000020D _TEXT	
  L8 . . . . . . . . . . . . . .	L Near	 00000214 _TEXT	
  cmph . . . . . . . . . . . . .	L Near	 00000220 _TEXT	
  tmp  . . . . . . . . . . . . .	L Near	 0000022C _TEXT	
FROG . . . . . . . . . . . . . .	P Near	 00000000 _TEXT	Length= 00000177 Public STDCALL
  L0 . . . . . . . . . . . . . .	L Near	 00000059 _TEXT	
  L1 . . . . . . . . . . . . . .	L Near	 00000060 _TEXT	
  L2 . . . . . . . . . . . . . .	L Near	 00000067 _TEXT	
  L3 . . . . . . . . . . . . . .	L Near	 0000006E _TEXT	
  L4 . . . . . . . . . . . . . .	L Near	 00000075 _TEXT	
  L5 . . . . . . . . . . . . . .	L Near	 0000007C _TEXT	
  L6 . . . . . . . . . . . . . .	L Near	 00000083 _TEXT	
  L7 . . . . . . . . . . . . . .	L Near	 0000008A _TEXT	
  L8 . . . . . . . . . . . . . .	L Near	 00000091 _TEXT	
  cmph . . . . . . . . . . . . .	L Near	 000000BD _TEXT	
  Cmph2  . . . . . . . . . . . .	L Near	 000000C5 _TEXT	
  tmp1 . . . . . . . . . . . . .	L Near	 000000C9 _TEXT	
FileTimeToDosDateTime  . . . . .	P Near	 00000000 FLAT	Length= 00000000 External STDCALL
FileTimeToSystemTime . . . . . .	P Near	 00000000 FLAT	Length= 00000000 External STDCALL
FlushConsoleInputBuffer  . . . .	P Near	 00000000 FLAT	Length= 00000000 External STDCALL
FormatMessageA . . . . . . . . .	P Near	 00000000 FLAT	Length= 00000000 External STDCALL
GetCommandLineA  . . . . . . . .	P Near	 00000000 FLAT	Length= 00000000 External STDCALL
GetCommandTail . . . . . . . . .	P Near	 00000000 FLAT	Length= 00000000 External STDCALL
GetConsoleCP . . . . . . . . . .	P Near	 00000000 FLAT	Length= 00000000 External STDCALL
GetConsoleCursorInfo . . . . . .	P Near	 00000000 FLAT	Length= 00000000 External STDCALL
GetConsoleMode . . . . . . . . .	P Near	 00000000 FLAT	Length= 00000000 External STDCALL
GetConsoleScreenBufferInfo . . .	P Near	 00000000 FLAT	Length= 00000000 External STDCALL
GetDateTime  . . . . . . . . . .	P Near	 00000000 FLAT	Length= 00000000 External STDCALL
GetFileTime  . . . . . . . . . .	P Near	 00000000 FLAT	Length= 00000000 External STDCALL
GetKeyState  . . . . . . . . . .	P Near	 00000000 FLAT	Length= 00000000 External STDCALL
GetLastError . . . . . . . . . .	P Near	 00000000 FLAT	Length= 00000000 External STDCALL
GetLocalTime . . . . . . . . . .	P Near	 00000000 FLAT	Length= 00000000 External STDCALL
GetMaxXY . . . . . . . . . . . .	P Near	 00000000 FLAT	Length= 00000000 External STDCALL
GetMseconds  . . . . . . . . . .	P Near	 00000000 FLAT	Length= 00000000 External STDCALL
GetNumberOfConsoleInputEvents  .	P Near	 00000000 FLAT	Length= 00000000 External STDCALL
GetProcessHeap . . . . . . . . .	P Near	 00000000 FLAT	Length= 00000000 External STDCALL
GetStdHandle . . . . . . . . . .	P Near	 00000000 FLAT	Length= 00000000 External STDCALL
GetSystemTime  . . . . . . . . .	P Near	 00000000 FLAT	Length= 00000000 External STDCALL
GetTextColor . . . . . . . . . .	P Near	 00000000 FLAT	Length= 00000000 External STDCALL
GetTickCount . . . . . . . . . .	P Near	 00000000 FLAT	Length= 00000000 External STDCALL
Gotoxy . . . . . . . . . . . . .	P Near	 00000000 FLAT	Length= 00000000 External STDCALL
HeapAlloc  . . . . . . . . . . .	P Near	 00000000 FLAT	Length= 00000000 External STDCALL
HeapCreate . . . . . . . . . . .	P Near	 00000000 FLAT	Length= 00000000 External STDCALL
HeapDestroy  . . . . . . . . . .	P Near	 00000000 FLAT	Length= 00000000 External STDCALL
HeapFree . . . . . . . . . . . .	P Near	 00000000 FLAT	Length= 00000000 External STDCALL
HeapSize . . . . . . . . . . . .	P Near	 00000000 FLAT	Length= 00000000 External STDCALL
IsDigit  . . . . . . . . . . . .	P Near	 00000000 FLAT	Length= 00000000 External STDCALL
LeftMove . . . . . . . . . . . .	P Near	 00000343 _TEXT	Length= 0000002F Public STDCALL
  smell  . . . . . . . . . . . .	L Near	 00000360 _TEXT	
  fin  . . . . . . . . . . . . .	L Near	 0000036F _TEXT	
LocalFree  . . . . . . . . . . .	P Near	 00000000 FLAT	Length= 00000000 External STDCALL
MessageBoxA  . . . . . . . . . .	P Near	 00000000 FLAT	Length= 00000000 External STDCALL
MsgBoxAsk  . . . . . . . . . . .	P Near	 00000000 FLAT	Length= 00000000 External STDCALL
MsgBox . . . . . . . . . . . . .	P Near	 00000000 FLAT	Length= 00000000 External STDCALL
OpenInputFile  . . . . . . . . .	P Near	 00000000 FLAT	Length= 00000000 External STDCALL
ParseDecimal32 . . . . . . . . .	P Near	 00000000 FLAT	Length= 00000000 External STDCALL
ParseInteger32 . . . . . . . . .	P Near	 00000000 FLAT	Length= 00000000 External STDCALL
PeekConsoleInputA  . . . . . . .	P Near	 00000000 FLAT	Length= 00000000 External STDCALL
Random32 . . . . . . . . . . . .	P Near	 00000000 FLAT	Length= 00000000 External STDCALL
RandomRange  . . . . . . . . . .	P Near	 00000000 FLAT	Length= 00000000 External STDCALL
Randomize  . . . . . . . . . . .	P Near	 00000000 FLAT	Length= 00000000 External STDCALL
ReadChar . . . . . . . . . . . .	P Near	 00000000 FLAT	Length= 00000000 External STDCALL
ReadConsoleA . . . . . . . . . .	P Near	 00000000 FLAT	Length= 00000000 External STDCALL
ReadConsoleInputA  . . . . . . .	P Near	 00000000 FLAT	Length= 00000000 External STDCALL
ReadDec  . . . . . . . . . . . .	P Near	 00000000 FLAT	Length= 00000000 External STDCALL
ReadFile . . . . . . . . . . . .	P Near	 00000000 FLAT	Length= 00000000 External STDCALL
ReadFloat  . . . . . . . . . . .	P Near	 00000000 FLAT	Length= 00000000 External STDCALL
ReadFromFile . . . . . . . . . .	P Near	 00000000 FLAT	Length= 00000000 External STDCALL
ReadHex  . . . . . . . . . . . .	P Near	 00000000 FLAT	Length= 00000000 External STDCALL
ReadInt  . . . . . . . . . . . .	P Near	 00000000 FLAT	Length= 00000000 External STDCALL
ReadKeyFlush . . . . . . . . . .	P Near	 00000000 FLAT	Length= 00000000 External STDCALL
ReadKey  . . . . . . . . . . . .	P Near	 00000000 FLAT	Length= 00000000 External STDCALL
ReadString . . . . . . . . . . .	P Near	 00000000 FLAT	Length= 00000000 External STDCALL
RightMove  . . . . . . . . . . .	P Near	 00000372 _TEXT	Length= 0000002F Public STDCALL
  big  . . . . . . . . . . . . .	L Near	 0000038F _TEXT	
  fin  . . . . . . . . . . . . .	L Near	 0000039E _TEXT	
SetConsoleCursorInfo . . . . . .	P Near	 00000000 FLAT	Length= 00000000 External STDCALL
SetConsoleCursorPosition . . . .	P Near	 00000000 FLAT	Length= 00000000 External STDCALL
SetConsoleMode . . . . . . . . .	P Near	 00000000 FLAT	Length= 00000000 External STDCALL
SetConsoleScreenBufferSize . . .	P Near	 00000000 FLAT	Length= 00000000 External STDCALL
SetConsoleTextAttribute  . . . .	P Near	 00000000 FLAT	Length= 00000000 External STDCALL
SetConsoleTitleA . . . . . . . .	P Near	 00000000 FLAT	Length= 00000000 External STDCALL
SetConsoleWindowInfo . . . . . .	P Near	 00000000 FLAT	Length= 00000000 External STDCALL
SetFilePointer . . . . . . . . .	P Near	 00000000 FLAT	Length= 00000000 External STDCALL
SetLocalTime . . . . . . . . . .	P Near	 00000000 FLAT	Length= 00000000 External STDCALL
SetTextColor . . . . . . . . . .	P Near	 00000000 FLAT	Length= 00000000 External STDCALL
ShowFPUStack . . . . . . . . . .	P Near	 00000000 FLAT	Length= 00000000 External STDCALL
Signal . . . . . . . . . . . . .	P Near	 0000041C _TEXT	Length= 0000027B Public STDCALL
  notdie . . . . . . . . . . . .	L Near	 00000451 _TEXT	
  gL1  . . . . . . . . . . . . .	L Near	 0000046B _TEXT	
  g3 . . . . . . . . . . . . . .	L Near	 00000475 _TEXT	
  notdie3  . . . . . . . . . . .	L Near	 000004AE _TEXT	
  gL3  . . . . . . . . . . . . .	L Near	 000004C6 _TEXT	
  gL33 . . . . . . . . . . . . .	L Near	 000004D2 _TEXT	
  notdie33 . . . . . . . . . . .	L Near	 00000500 _TEXT	
  g5 . . . . . . . . . . . . . .	L Near	 0000050D _TEXT	
  notdie5  . . . . . . . . . . .	L Near	 00000542 _TEXT	
  gL5  . . . . . . . . . . . . .	L Near	 0000055C _TEXT	
  g6 . . . . . . . . . . . . . .	L Near	 00000566 _TEXT	
  notdie6  . . . . . . . . . . .	L Near	 0000059F _TEXT	
  gL6  . . . . . . . . . . . . .	L Near	 000005B7 _TEXT	
  gL66 . . . . . . . . . . . . .	L Near	 000005C3 _TEXT	
  notdie66 . . . . . . . . . . .	L Near	 000005F1 _TEXT	
  g7 . . . . . . . . . . . . . .	L Near	 000005FE _TEXT	
  notdie7  . . . . . . . . . . .	L Near	 00000637 _TEXT	
  gL7  . . . . . . . . . . . . .	L Near	 0000064F _TEXT	
  gL77 . . . . . . . . . . . . .	L Near	 0000065B _TEXT	
  notdie77 . . . . . . . . . . .	L Near	 00000689 _TEXT	
  end_signal . . . . . . . . . .	L Near	 00000696 _TEXT	
Sleep  . . . . . . . . . . . . .	P Near	 00000000 FLAT	Length= 00000000 External STDCALL
StrLength  . . . . . . . . . . .	P Near	 00000000 FLAT	Length= 00000000 External STDCALL
Str_compare  . . . . . . . . . .	P Near	 00000000 FLAT	Length= 00000000 External STDCALL
Str_copy . . . . . . . . . . . .	P Near	 00000000 FLAT	Length= 00000000 External STDCALL
Str_length . . . . . . . . . . .	P Near	 00000000 FLAT	Length= 00000000 External STDCALL
Str_trim . . . . . . . . . . . .	P Near	 00000000 FLAT	Length= 00000000 External STDCALL
Str_ucase  . . . . . . . . . . .	P Near	 00000000 FLAT	Length= 00000000 External STDCALL
SystemTimeToFileTime . . . . . .	P Near	 00000000 FLAT	Length= 00000000 External STDCALL
UpMove . . . . . . . . . . . . .	P Near	 000002D0 _TEXT	Length= 00000044 Public STDCALL
  big  . . . . . . . . . . . . .	L Near	 000002ED _TEXT	
  fin  . . . . . . . . . . . . .	L Near	 0000030A _TEXT	
WaitMsg  . . . . . . . . . . . .	P Near	 00000000 FLAT	Length= 00000000 External STDCALL
WriteBinB  . . . . . . . . . . .	P Near	 00000000 FLAT	Length= 00000000 External STDCALL
WriteBin . . . . . . . . . . . .	P Near	 00000000 FLAT	Length= 00000000 External STDCALL
WriteChar  . . . . . . . . . . .	P Near	 00000000 FLAT	Length= 00000000 External STDCALL
WriteConsoleA  . . . . . . . . .	P Near	 00000000 FLAT	Length= 00000000 External STDCALL
WriteConsoleOutputAttribute  . .	P Near	 00000000 FLAT	Length= 00000000 External STDCALL
WriteConsoleOutputCharacterA . .	P Near	 00000000 FLAT	Length= 00000000 External STDCALL
WriteDec . . . . . . . . . . . .	P Near	 00000000 FLAT	Length= 00000000 External STDCALL
WriteFile  . . . . . . . . . . .	P Near	 00000000 FLAT	Length= 00000000 External STDCALL
WriteFloat . . . . . . . . . . .	P Near	 00000000 FLAT	Length= 00000000 External STDCALL
WriteHexB  . . . . . . . . . . .	P Near	 00000000 FLAT	Length= 00000000 External STDCALL
WriteHex . . . . . . . . . . . .	P Near	 00000000 FLAT	Length= 00000000 External STDCALL
WriteInt . . . . . . . . . . . .	P Near	 00000000 FLAT	Length= 00000000 External STDCALL
WriteStackFrameName  . . . . . .	P Near	 00000000 FLAT	Length= 00000000 External STDCALL
WriteStackFrame  . . . . . . . .	P Near	 00000000 FLAT	Length= 00000000 External STDCALL
WriteString  . . . . . . . . . .	P Near	 00000000 FLAT	Length= 00000000 External STDCALL
WriteToFile  . . . . . . . . . .	P Near	 00000000 FLAT	Length= 00000000 External STDCALL
WriteWindowsMsg  . . . . . . . .	P Near	 00000000 FLAT	Length= 00000000 External STDCALL
frogfirst  . . . . . . . . . . .	P Near	 000003A1 _TEXT	Length= 0000007B Public STDCALL
  walk . . . . . . . . . . . . .	L Near	 00000419 _TEXT	
main . . . . . . . . . . . . . .	P Near	 00000697 _TEXT	Length= 00000793 Public STDCALL
  start  . . . . . . . . . . . .	L Near	 00000697 _TEXT	
  read . . . . . . . . . . . . .	L Near	 000007F9 _TEXT	
  easy . . . . . . . . . . . . .	L Near	 0000082B _TEXT	
  notclear . . . . . . . . . . .	L Near	 00000860 _TEXT	
  thirtynine . . . . . . . . . .	L Near	 00000952 _TEXT	
  L  . . . . . . . . . . . . . .	L Near	 00000959 _TEXT	
  Up . . . . . . . . . . . . . .	L Near	 0000099B _TEXT	
  Down . . . . . . . . . . . . .	L Near	 000009A5 _TEXT	
  Left . . . . . . . . . . . . .	L Near	 000009AF _TEXT	
  Right  . . . . . . . . . . . .	L Near	 000009B9 _TEXT	
  Next . . . . . . . . . . . . .	L Near	 000009C3 _TEXT	
  hard . . . . . . . . . . . . .	L Near	 000009D5 _TEXT	
  notclearr  . . . . . . . . . .	L Near	 00000A0A _TEXT	
  thirtyninee  . . . . . . . . .	L Near	 00000AFC _TEXT	
  L2 . . . . . . . . . . . . . .	L Near	 00000B03 _TEXT	
  Up2  . . . . . . . . . . . . .	L Near	 00000B45 _TEXT	
  Down2  . . . . . . . . . . . .	L Near	 00000B4F _TEXT	
  Left2  . . . . . . . . . . . .	L Near	 00000B59 _TEXT	
  Right2 . . . . . . . . . . . .	L Near	 00000B63 _TEXT	
  Next2  . . . . . . . . . . . .	L Near	 00000B6D _TEXT	
  Win  . . . . . . . . . . . . .	L Near	 00000B72 _TEXT	
  lose . . . . . . . . . . . . .	L Near	 00000C5A _TEXT	
  break  . . . . . . . . . . . .	L Near	 00000D92 _TEXT	
  end_ . . . . . . . . . . . . .	L Near	 00000E29 _TEXT	
printf . . . . . . . . . . . . .	P Near	 00000000 FLAT	Length= 00000000 External C
scanf  . . . . . . . . . . . . .	P Near	 00000000 FLAT	Length= 00000000 External C
wsprintfA  . . . . . . . . . . .	P Near	 00000000 FLAT	Length= 00000000 External C


Symbols:

                N a m e                 Type     Value    Attr

@CodeSize  . . . . . . . . . . .	Number	 00000000h   
@DataSize  . . . . . . . . . . .	Number	 00000000h   
@Interface . . . . . . . . . . .	Number	 00000003h   
@Model . . . . . . . . . . . . .	Number	 00000007h   
@code  . . . . . . . . . . . . .	Text   	 _TEXT
@data  . . . . . . . . . . . . .	Text   	 FLAT
@fardata?  . . . . . . . . . . .	Text   	 FLAT
@fardata . . . . . . . . . . . .	Text   	 FLAT
@stack . . . . . . . . . . . . .	Text   	 FLAT
ALT_MASK . . . . . . . . . . . .	Number	 00000003h   
CAPSLOCK_ON  . . . . . . . . . .	Number	 00000080h   
CREATE_ALWAYS  . . . . . . . . .	Number	 00000002h   
CREATE_NEW . . . . . . . . . . .	Number	 00000001h   
CTRL_MASK  . . . . . . . . . . .	Number	 0000000Ch   
CreateFile . . . . . . . . . . .	Text   	 CreateFileA
DO_NOT_SHARE . . . . . . . . . .	Number	 00000000h   
ENABLE_ECHO_INPUT  . . . . . . .	Number	 00000004h   
ENABLE_LINE_INPUT  . . . . . . .	Number	 00000002h   
ENABLE_MOUSE_INPUT . . . . . . .	Number	 00000010h   
ENABLE_PROCESSED_INPUT . . . . .	Number	 00000001h   
ENABLE_PROCESSED_OUTPUT  . . . .	Number	 00000001h   
ENABLE_WINDOW_INPUT  . . . . . .	Number	 00000008h   
ENABLE_WRAP_AT_EOL_OUTPUT  . . .	Number	 00000002h   
ENHANCED_KEY . . . . . . . . . .	Number	 00000100h   
FALSE  . . . . . . . . . . . . .	Number	 00000000h   
FILE_APPEND_DATA . . . . . . . .	Number	 00000004h   
FILE_ATTRIBUTE_ARCHIVE . . . . .	Number	 00000020h   
FILE_ATTRIBUTE_COMPRESSED  . . .	Number	 00000800h   
FILE_ATTRIBUTE_DEVICE  . . . . .	Number	 00000040h   
FILE_ATTRIBUTE_DIRECTORY . . . .	Number	 00000010h   
FILE_ATTRIBUTE_ENCRYPTED . . . .	Number	 00004000h   
FILE_ATTRIBUTE_HIDDEN  . . . . .	Number	 00000002h   
FILE_ATTRIBUTE_NORMAL  . . . . .	Number	 00000080h   
FILE_ATTRIBUTE_NOT_CONTENT_INDEXED .	Number	 00002000h   
FILE_ATTRIBUTE_OFFLINE . . . . .	Number	 00001000h   
FILE_ATTRIBUTE_READONLY  . . . .	Number	 00000001h   
FILE_ATTRIBUTE_REPARSE_POINT . .	Number	 00000400h   
FILE_ATTRIBUTE_SPARSE_FILE . . .	Number	 00000200h   
FILE_ATTRIBUTE_SYSTEM  . . . . .	Number	 00000004h   
FILE_ATTRIBUTE_TEMPORARY . . . .	Number	 00000100h   
FILE_BEGIN . . . . . . . . . . .	Number	 00000000h   
FILE_CURRENT . . . . . . . . . .	Number	 00000001h   
FILE_DELETE_CHILD  . . . . . . .	Number	 00000040h   
FILE_END . . . . . . . . . . . .	Number	 00000002h   
FILE_READ_DATA . . . . . . . . .	Number	 00000001h   
FILE_SHARE_DELETE  . . . . . . .	Number	 00000004h   
FILE_SHARE_READ  . . . . . . . .	Number	 00000001h   
FILE_SHARE_WRITE . . . . . . . .	Number	 00000002h   
FILE_WRITE_DATA  . . . . . . . .	Number	 00000002h   
FOCUS_EVENT  . . . . . . . . . .	Number	 00000010h   
FORMAT_MESSAGE_ALLOCATE_BUFFER .	Number	 00000100h   
FORMAT_MESSAGE_FROM_SYSTEM . . .	Number	 00001000h   
FormatMessage  . . . . . . . . .	Text   	 FormatMessageA
GENERIC_ALL  . . . . . . . . . .	Number	 10000000h   
GENERIC_EXECUTE  . . . . . . . .	Number	 20000000h   
GENERIC_READ . . . . . . . . . .	Number	 -80000000h   
GENERIC_WRITE  . . . . . . . . .	Number	 40000000h   
GetCommandLine . . . . . . . . .	Text   	 GetCommandLineA
HANDLE . . . . . . . . . . . . .	Text   	 DWORD
HEAP_GENERATE_EXCEPTIONS . . . .	Number	 00000004h   
HEAP_GROWABLE  . . . . . . . . .	Number	 00000002h   
HEAP_NO_SERIALIZE  . . . . . . .	Number	 00000001h   
HEAP_REALLOC_IN_PLACE_ONLY . . .	Number	 00000010h   
HEAP_ZERO_MEMORY . . . . . . . .	Number	 00000008h   
IDABORT  . . . . . . . . . . . .	Number	 00000003h   
IDCANCEL . . . . . . . . . . . .	Number	 00000002h   
IDCLOSE  . . . . . . . . . . . .	Number	 00000008h   
IDCONTINUE . . . . . . . . . . .	Number	 0000000Bh   
IDHELP . . . . . . . . . . . . .	Number	 00000009h   
IDIGNORE . . . . . . . . . . . .	Number	 00000005h   
IDNO . . . . . . . . . . . . . .	Number	 00000007h   
IDOK . . . . . . . . . . . . . .	Number	 00000001h   
IDRETRY  . . . . . . . . . . . .	Number	 00000004h   
IDTIMEOUT  . . . . . . . . . . .	Number	 00007D00h   
IDTRYAGAIN . . . . . . . . . . .	Number	 0000000Ah   
IDYES  . . . . . . . . . . . . .	Number	 00000006h   
INVALID_HANDLE_VALUE . . . . . .	Number	 -00000001h   
KBDOWN_FLAG  . . . . . . . . . .	Number	 00000001h   
KEY_EVENT  . . . . . . . . . . .	Number	 00000001h   
KEY_MASKS  . . . . . . . . . . .	Number	 0000001Fh   
LEFT_ALT_PRESSED . . . . . . . .	Number	 00000002h   
LEFT_CTRL_PRESSED  . . . . . . .	Number	 00000008h   
MB_ABORTRETRYIGNORE  . . . . . .	Number	 00000002h   
MB_APPLMODAL . . . . . . . . . .	Number	 00000000h   
MB_CANCELTRYCONTINUE . . . . . .	Number	 00000006h   
MB_DEFBUTTON1  . . . . . . . . .	Number	 00000000h   
MB_DEFBUTTON2  . . . . . . . . .	Number	 00000100h   
MB_DEFBUTTON3  . . . . . . . . .	Number	 00000200h   
MB_DEFBUTTON4  . . . . . . . . .	Number	 00000300h   
MB_HELP  . . . . . . . . . . . .	Number	 00004000h   
MB_ICONASTERISK  . . . . . . . .	Number	 00000040h   
MB_ICONERROR . . . . . . . . . .	Number	 00000010h   
MB_ICONEXCLAMATION . . . . . . .	Number	 00000030h   
MB_ICONHAND  . . . . . . . . . .	Number	 00000010h   
MB_ICONINFORMATION . . . . . . .	Number	 00000040h   
MB_ICONQUESTION  . . . . . . . .	Number	 00000020h   
MB_ICONSTOP  . . . . . . . . . .	Number	 00000010h   
MB_ICONWARNING . . . . . . . . .	Number	 00000030h   
MB_OKCANCEL  . . . . . . . . . .	Number	 00000001h   
MB_OK  . . . . . . . . . . . . .	Number	 00000000h   
MB_RETRYCANCEL . . . . . . . . .	Number	 00000005h   
MB_SYSTEMMODAL . . . . . . . . .	Number	 00001000h   
MB_TASKMODAL . . . . . . . . . .	Number	 00002000h   
MB_USERICON  . . . . . . . . . .	Number	 00000080h   
MB_YESNOCANCEL . . . . . . . . .	Number	 00000003h   
MB_YESNO . . . . . . . . . . . .	Number	 00000004h   
MENU_EVENT . . . . . . . . . . .	Number	 00000008h   
MOUSE_EVENT  . . . . . . . . . .	Number	 00000002h   
MessageBox . . . . . . . . . . .	Text   	 MessageBoxA
NULL . . . . . . . . . . . . . .	Number	 00000000h   
NUMLOCK_ON . . . . . . . . . . .	Number	 00000020h   
OPEN_ALWAYS  . . . . . . . . . .	Number	 00000004h   
OPEN_EXISTING  . . . . . . . . .	Number	 00000003h   
PeekConsoleInput . . . . . . . .	Text   	 PeekConsoleInputA
RIGHT_ALT_PRESSED  . . . . . . .	Number	 00000001h   
RIGHT_CTRL_PRESSED . . . . . . .	Number	 00000004h   
ReadConsoleInput . . . . . . . .	Text   	 ReadConsoleInputA
ReadConsole  . . . . . . . . . .	Text   	 ReadConsoleA
SCROLLLOCK_ON  . . . . . . . . .	Number	 00000040h   
SHIFT_MASK . . . . . . . . . . .	Number	 00000010h   
SHIFT_PRESSED  . . . . . . . . .	Number	 00000010h   
STD_ERROR_HANDLE . . . . . . . .	Number	 -0000000Ch   
STD_INPUT_HANDLE . . . . . . . .	Number	 -0000000Ah   
STD_OUTPUT_HANDLE  . . . . . . .	Number	 -0000000Bh   
SetConsoleTitle  . . . . . . . .	Text   	 SetConsoleTitleA
TAB  . . . . . . . . . . . . . .	Number	 00000009h   
TRUE . . . . . . . . . . . . . .	Number	 00000001h   
TRUNCATE_EXISTING  . . . . . . .	Number	 00000005h   
VK_11  . . . . . . . . . . . . .	Number	 000000BDh   
VK_12  . . . . . . . . . . . . .	Number	 000000BBh   
VK_ADD . . . . . . . . . . . . .	Number	 0000006Bh   
VK_BACK  . . . . . . . . . . . .	Number	 00000008h   
VK_CANCEL  . . . . . . . . . . .	Number	 00000003h   
VK_CAPITAL . . . . . . . . . . .	Number	 00000014h   
VK_CLEAR . . . . . . . . . . . .	Number	 0000000Ch   
VK_CONTROL . . . . . . . . . . .	Number	 00000011h   
VK_DECIMAL . . . . . . . . . . .	Number	 0000006Eh   
VK_DELETE  . . . . . . . . . . .	Number	 0000002Eh   
VK_DIVIDE  . . . . . . . . . . .	Number	 0000006Fh   
VK_DOWN  . . . . . . . . . . . .	Number	 00000028h   
VK_END . . . . . . . . . . . . .	Number	 00000023h   
VK_ESCAPE  . . . . . . . . . . .	Number	 0000001Bh   
VK_EXECUTE . . . . . . . . . . .	Number	 0000002Bh   
VK_F10 . . . . . . . . . . . . .	Number	 00000079h   
VK_F11 . . . . . . . . . . . . .	Number	 0000007Ah   
VK_F12 . . . . . . . . . . . . .	Number	 0000007Bh   
VK_F13 . . . . . . . . . . . . .	Number	 0000007Ch   
VK_F14 . . . . . . . . . . . . .	Number	 0000007Dh   
VK_F15 . . . . . . . . . . . . .	Number	 0000007Eh   
VK_F16 . . . . . . . . . . . . .	Number	 0000007Fh   
VK_F17 . . . . . . . . . . . . .	Number	 00000080h   
VK_F18 . . . . . . . . . . . . .	Number	 00000081h   
VK_F19 . . . . . . . . . . . . .	Number	 00000082h   
VK_F1  . . . . . . . . . . . . .	Number	 00000070h   
VK_F20 . . . . . . . . . . . . .	Number	 00000083h   
VK_F21 . . . . . . . . . . . . .	Number	 00000084h   
VK_F22 . . . . . . . . . . . . .	Number	 00000085h   
VK_F23 . . . . . . . . . . . . .	Number	 00000086h   
VK_F24 . . . . . . . . . . . . .	Number	 00000087h   
VK_F2  . . . . . . . . . . . . .	Number	 00000071h   
VK_F3  . . . . . . . . . . . . .	Number	 00000072h   
VK_F4  . . . . . . . . . . . . .	Number	 00000073h   
VK_F5  . . . . . . . . . . . . .	Number	 00000074h   
VK_F6  . . . . . . . . . . . . .	Number	 00000075h   
VK_F7  . . . . . . . . . . . . .	Number	 00000076h   
VK_F8  . . . . . . . . . . . . .	Number	 00000077h   
VK_F9  . . . . . . . . . . . . .	Number	 00000078h   
VK_HELP  . . . . . . . . . . . .	Number	 0000002Fh   
VK_HOME  . . . . . . . . . . . .	Number	 00000024h   
VK_INSERT  . . . . . . . . . . .	Number	 0000002Dh   
VK_LBUTTON . . . . . . . . . . .	Number	 00000001h   
VK_LCONTROL  . . . . . . . . . .	Number	 000000A2h   
VK_LEFT  . . . . . . . . . . . .	Number	 00000025h   
VK_LMENU . . . . . . . . . . . .	Number	 000000A4h   
VK_LSHIFT  . . . . . . . . . . .	Number	 000000A0h   
VK_MENU  . . . . . . . . . . . .	Number	 00000012h   
VK_MULTIPLY  . . . . . . . . . .	Number	 0000006Ah   
VK_NEXT  . . . . . . . . . . . .	Number	 00000022h   
VK_NUMLOCK . . . . . . . . . . .	Number	 00000090h   
VK_NUMPAD0 . . . . . . . . . . .	Number	 00000060h   
VK_NUMPAD1 . . . . . . . . . . .	Number	 00000061h   
VK_NUMPAD2 . . . . . . . . . . .	Number	 00000062h   
VK_NUMPAD3 . . . . . . . . . . .	Number	 00000063h   
VK_NUMPAD4 . . . . . . . . . . .	Number	 00000064h   
VK_NUMPAD5 . . . . . . . . . . .	Number	 00000065h   
VK_NUMPAD6 . . . . . . . . . . .	Number	 00000066h   
VK_NUMPAD7 . . . . . . . . . . .	Number	 00000067h   
VK_NUMPAD8 . . . . . . . . . . .	Number	 00000068h   
VK_NUMPAD9 . . . . . . . . . . .	Number	 00000069h   
VK_PAUSE . . . . . . . . . . . .	Number	 00000013h   
VK_PRINT . . . . . . . . . . . .	Number	 0000002Ah   
VK_PRIOR . . . . . . . . . . . .	Number	 00000021h   
VK_RBUTTON . . . . . . . . . . .	Number	 00000002h   
VK_RCONTROL  . . . . . . . . . .	Number	 000000A3h   
VK_RETURN  . . . . . . . . . . .	Number	 0000000Dh   
VK_RIGHT . . . . . . . . . . . .	Number	 00000027h   
VK_RMENU . . . . . . . . . . . .	Number	 000000A5h   
VK_RSHIFT  . . . . . . . . . . .	Number	 000000A1h   
VK_SCROLL  . . . . . . . . . . .	Number	 00000091h   
VK_SEPARATER . . . . . . . . . .	Number	 0000006Ch   
VK_SHIFT . . . . . . . . . . . .	Number	 00000010h   
VK_SNAPSHOT  . . . . . . . . . .	Number	 0000002Ch   
VK_SPACE . . . . . . . . . . . .	Number	 00000020h   
VK_SUBTRACT  . . . . . . . . . .	Number	 0000006Dh   
VK_TAB . . . . . . . . . . . . .	Number	 00000009h   
VK_UP  . . . . . . . . . . . . .	Number	 00000026h   
WINDOW_BUFFER_SIZE_EVENT . . . .	Number	 00000004h   
WriteConsoleOutputCharacter  . .	Text   	 WriteConsoleOutputCharacterA
WriteConsole . . . . . . . . . .	Text   	 WriteConsoleA
background10 . . . . . . . . . .	Byte	 000001EA _DATA	
background11 . . . . . . . . . .	Byte	 0000021B _DATA	
background12 . . . . . . . . . .	Byte	 0000024C _DATA	
background13 . . . . . . . . . .	Byte	 0000027D _DATA	
background1  . . . . . . . . . .	Byte	 00000031 _DATA	
background2  . . . . . . . . . .	Byte	 00000062 _DATA	
background3  . . . . . . . . . .	Byte	 00000093 _DATA	
background4  . . . . . . . . . .	Byte	 000000C4 _DATA	
background5  . . . . . . . . . .	Byte	 000000F5 _DATA	
background6  . . . . . . . . . .	Byte	 00000126 _DATA	
background7  . . . . . . . . . .	Byte	 00000157 _DATA	
background8  . . . . . . . . . .	Byte	 00000188 _DATA	
background9  . . . . . . . . . .	Byte	 000001B9 _DATA	
background . . . . . . . . . . .	Byte	 00000000 _DATA	
black  . . . . . . . . . . . . .	Number	 00000000h   
blue . . . . . . . . . . . . . .	Number	 00000001h   
brown  . . . . . . . . . . . . .	Number	 00000006h   
car  . . . . . . . . . . . . . .	Byte	 00000972 _DATA	
cnt  . . . . . . . . . . . . . .	Byte	 00000977 _DATA	
cyan . . . . . . . . . . . . . .	Number	 00000003h   
endgame1 . . . . . . . . . . . .	Byte	 00000493 _DATA	
endgame2 . . . . . . . . . . . .	Byte	 000004C6 _DATA	
endgame3 . . . . . . . . . . . .	Byte	 000004FE _DATA	
endgame4 . . . . . . . . . . . .	Byte	 00000537 _DATA	
endgame5 . . . . . . . . . . . .	Byte	 00000570 _DATA	
endgame6 . . . . . . . . . . . .	Byte	 000005A7 _DATA	
endgame7 . . . . . . . . . . . .	Byte	 000005DF _DATA	
endgame8 . . . . . . . . . . . .	Byte	 0000060B _DATA	
endgame  . . . . . . . . . . . .	Byte	 00000459 _DATA	
exit . . . . . . . . . . . . . .	Text   	 INVOKE ExitProcess,0
flag . . . . . . . . . . . . . .	Byte	 0000097E _DATA	
frogwalk2  . . . . . . . . . . .	Byte	 00000975 _DATA	
frogwalk . . . . . . . . . . . .	Byte	 00000974 _DATA	
game1  . . . . . . . . . . . . .	Byte	 000002D9 _DATA	
game2  . . . . . . . . . . . . .	Byte	 00000304 _DATA	
game3  . . . . . . . . . . . . .	Byte	 0000032F _DATA	
game4  . . . . . . . . . . . . .	Byte	 0000035A _DATA	
game5  . . . . . . . . . . . . .	Byte	 00000385 _DATA	
game6  . . . . . . . . . . . . .	Byte	 000003B0 _DATA	
game7  . . . . . . . . . . . . .	Byte	 000003DA _DATA	
game8  . . . . . . . . . . . . .	Byte	 00000404 _DATA	
game9  . . . . . . . . . . . . .	Byte	 0000042E _DATA	
game . . . . . . . . . . . . . .	Byte	 000002AE _DATA	
gray . . . . . . . . . . . . . .	Number	 00000008h   
green  . . . . . . . . . . . . .	Number	 00000002h   
intVal . . . . . . . . . . . . .	DWord	 00000978 _DATA	
islose . . . . . . . . . . . . .	Byte	 0000097D _DATA	
iswalk . . . . . . . . . . . . .	Byte	 00000976 _DATA	
iswin  . . . . . . . . . . . . .	Byte	 0000097C _DATA	
life . . . . . . . . . . . . . .	Byte	 00000955 _DATA	
lightBlue  . . . . . . . . . . .	Number	 00000009h   
lightCyan  . . . . . . . . . . .	Number	 0000000Bh   
lightGray  . . . . . . . . . . .	Number	 00000007h   
lightGreen . . . . . . . . . . .	Number	 0000000Ah   
lightMagenta . . . . . . . . . .	Number	 0000000Dh   
lightRed . . . . . . . . . . . .	Number	 0000000Ch   
losegame10 . . . . . . . . . . .	Byte	 00000925 _DATA	
losegame1  . . . . . . . . . . .	Byte	 000007E9 _DATA	
losegame2  . . . . . . . . . . .	Byte	 0000080D _DATA	
losegame3  . . . . . . . . . . .	Byte	 0000082E _DATA	
losegame4  . . . . . . . . . . .	Byte	 00000850 _DATA	
losegame5  . . . . . . . . . . .	Byte	 00000873 _DATA	
losegame6  . . . . . . . . . . .	Byte	 00000895 _DATA	
losegame7  . . . . . . . . . . .	Byte	 000008B7 _DATA	
losegame8  . . . . . . . . . . .	Byte	 000008DB _DATA	
losegame9  . . . . . . . . . . .	Byte	 00000900 _DATA	
losegame . . . . . . . . . . . .	Byte	 000007C2 _DATA	
magenta  . . . . . . . . . . . .	Number	 00000005h   
red  . . . . . . . . . . . . . .	Number	 00000004h   
score  . . . . . . . . . . . . .	Byte	 0000094C _DATA	
white  . . . . . . . . . . . . .	Number	 0000000Fh   
wingame1 . . . . . . . . . . . .	Byte	 00000672 _DATA	
wingame2 . . . . . . . . . . . .	Byte	 0000069C _DATA	
wingame3 . . . . . . . . . . . .	Byte	 000006C6 _DATA	
wingame4 . . . . . . . . . . . .	Byte	 000006EF _DATA	
wingame5 . . . . . . . . . . . .	Byte	 00000718 _DATA	
wingame6 . . . . . . . . . . . .	Byte	 00000740 _DATA	
wingame7 . . . . . . . . . . . .	Byte	 0000076A _DATA	
wingame8 . . . . . . . . . . . .	Byte	 00000795 _DATA	
wingame  . . . . . . . . . . . .	Byte	 00000645 _DATA	
wrong  . . . . . . . . . . . . .	Byte	 0000095D _DATA	
wsprintf . . . . . . . . . . . .	Text   	 wsprintfA
yellow . . . . . . . . . . . . .	Number	 0000000Eh   

	   0 Warnings
	   0 Errors
